q-panel: panel=d3_rnd_diag groups=('S216', 'S648', 'S1080') extensions=50 total=150 t=5
q-panel: memory budget OK — peak≈60.4 GB = 12 procs × 4.7 GB/proc + 4.0 GB (|C|_max=1080, d=3, t=5); budget=86.1 GB (70% of 123.1 GB available)
q-panel: per-subprocess RLIMIT_AS cap = 7.1 GB
  [1/150]   S216 rnd_diag011          best_delta=0.6084  8.7s
  [2/150]   S216 rnd_diag002          best_delta=0.8023  8.8s
  [3/150]   S216 rnd_diag000          best_delta=0.9921  8.9s
  [4/150]   S216 rnd_diag007          best_delta=0.6915  9.1s
  [5/150]   S216 rnd_diag008          best_delta=0.5941  9.1s
  [6/150]   S216 rnd_diag010          best_delta=0.5479  9.1s
  [7/150]   S216 rnd_diag006          best_delta=0.5234  9.1s
  [8/150]   S216 rnd_diag003          best_delta=0.9756  9.1s
  [9/150]   S216 rnd_diag001          best_delta=0.4632  9.2s
  [10/150]   S216 rnd_diag005          best_delta=0.7900  9.2s
  [11/150]   S216 rnd_diag009          best_delta=0.5343  9.2s
  [12/150]   S216 rnd_diag004          best_delta=0.9503  9.3s
  [13/150]   S216 rnd_diag012          best_delta=0.4516  8.9s
  [14/150]   S216 rnd_diag014          best_delta=0.6386  8.8s
  [15/150]   S216 rnd_diag013          best_delta=0.6275  9.0s
  [16/150]   S216 rnd_diag015          best_delta=0.7637  8.9s
  [17/150]   S216 rnd_diag022          best_delta=0.5669  8.9s
  [18/150]   S216 rnd_diag017          best_delta=0.5208  9.0s
  [19/150]   S216 rnd_diag021          best_delta=0.9501  9.0s
  [20/150]   S216 rnd_diag020          best_delta=0.7086  9.0s
  [21/150]   S216 rnd_diag019          best_delta=0.5351  9.1s
  [22/150]   S216 rnd_diag018          best_delta=0.7859  9.1s
  [23/150]   S216 rnd_diag023          best_delta=0.9272  9.0s
  [24/150]   S216 rnd_diag016          best_delta=0.9662  9.2s
  [25/150]   S216 rnd_diag024          best_delta=0.5882  8.8s
  [26/150]   S216 rnd_diag025          best_delta=0.4921  9.0s
  [27/150]   S216 rnd_diag026          best_delta=0.6336  9.0s
  [28/150]   S216 rnd_diag029          best_delta=0.8926  8.7s
  [29/150]   S216 rnd_diag028          best_delta=0.4966  9.0s
  [30/150]   S216 rnd_diag027          best_delta=0.5368  9.2s
  [31/150]   S216 rnd_diag030          best_delta=0.4927  9.1s
  [32/150]   S216 rnd_diag034          best_delta=0.4664  9.0s
  [33/150]   S216 rnd_diag031          best_delta=0.7322  9.1s
  [34/150]   S216 rnd_diag033          best_delta=0.4526  9.0s
  [35/150]   S216 rnd_diag032          best_delta=0.5662  9.1s
  [36/150]   S216 rnd_diag035          best_delta=0.7122  9.0s
  [37/150]   S216 rnd_diag036          best_delta=0.8872  8.9s
  [38/150]   S216 rnd_diag038          best_delta=0.8995  8.9s
  [39/150]   S216 rnd_diag037          best_delta=0.8342  9.0s
  [40/150]   S216 rnd_diag042          best_delta=0.7158  8.7s
  [41/150]   S216 rnd_diag039          best_delta=0.6635  9.1s
  [42/150]   S216 rnd_diag041          best_delta=0.5641  8.8s
  [43/150]   S216 rnd_diag040          best_delta=0.7379  8.9s
  [44/150]   S216 rnd_diag045          best_delta=0.5929  8.9s
  [45/150]   S216 rnd_diag044          best_delta=0.5745  9.0s
  [46/150]   S216 rnd_diag047          best_delta=0.8144  8.9s
  [47/150]   S216 rnd_diag043          best_delta=0.7354  9.0s
  [48/150]   S216 rnd_diag046          best_delta=0.5907  9.1s
  [49/150]   S216 rnd_diag048          best_delta=0.5455  9.0s
  [50/150]   S216 rnd_diag049          best_delta=0.7109  8.7s
  [51/150]   S648 rnd_diag000          best_delta=0.9921  24.7s
  [52/150]   S648 rnd_diag005          best_delta=0.7900  24.7s
  [53/150]   S648 rnd_diag002          best_delta=0.8023  25.0s
  [54/150]   S648 rnd_diag001          best_delta=0.4632  25.2s
  [55/150]   S648 rnd_diag004          best_delta=0.9503  25.3s
  [56/150]   S648 rnd_diag007          best_delta=0.6915  25.1s
  [57/150]   S648 rnd_diag003          best_delta=0.9756  25.3s
  [58/150]   S648 rnd_diag006          best_delta=0.5234  25.2s
  [59/150]   S648 rnd_diag008          best_delta=0.5941  25.2s
  [60/150]   S648 rnd_diag009          best_delta=0.5343  26.3s
  [61/150]   S648 rnd_diag011          best_delta=0.6084  24.7s
  [62/150]   S648 rnd_diag010          best_delta=0.5479  24.8s
  [63/150]   S648 rnd_diag012          best_delta=0.4516  24.9s
  [64/150]   S648 rnd_diag014          best_delta=0.6386  24.8s
  [65/150]   S648 rnd_diag017          best_delta=0.5208  25.0s
  [66/150]   S648 rnd_diag015          best_delta=0.7637  25.2s
  [67/150]   S648 rnd_diag013          best_delta=0.6275  25.5s
  [68/150]   S648 rnd_diag018          best_delta=0.7859  25.1s
  [69/150]   S648 rnd_diag016          best_delta=0.9662  25.2s
  [70/150]   S648 rnd_diag019          best_delta=0.5351  25.1s
  [71/150]   S648 rnd_diag020          best_delta=0.7086  25.2s
  [72/150]   S648 rnd_diag021          best_delta=0.9501  24.9s
  [73/150]   S648 rnd_diag022          best_delta=0.5669  24.7s
  [74/150]   S648 rnd_diag023          best_delta=0.9272  25.3s
  [75/150]   S648 rnd_diag024          best_delta=0.5882  24.8s
  [76/150]   S648 rnd_diag025          best_delta=0.4921  25.2s
  [77/150]   S648 rnd_diag029          best_delta=0.8926  25.0s
  [78/150]   S648 rnd_diag030          best_delta=0.4927  25.1s
  [79/150]   S648 rnd_diag028          best_delta=0.4966  25.3s
  [80/150]   S648 rnd_diag031          best_delta=0.7322  25.2s
  [81/150]   S648 rnd_diag032          best_delta=0.5662  25.2s
  [82/150]   S648 rnd_diag026          best_delta=0.6336  25.5s
  [83/150]   S648 rnd_diag027          best_delta=0.5368  25.5s
  [84/150]   S648 rnd_diag033          best_delta=0.4526  25.6s
  [85/150]   S648 rnd_diag034          best_delta=0.4664  25.1s
  [86/150]   S648 rnd_diag035          best_delta=0.7122  25.5s
  [87/150]   S648 rnd_diag036          best_delta=0.8872  24.9s
  [88/150]   S648 rnd_diag037          best_delta=0.8342  25.0s
  [89/150]   S648 rnd_diag038          best_delta=0.8995  25.0s
  [90/150]   S648 rnd_diag039          best_delta=0.6635  25.0s
  [91/150]   S648 rnd_diag041          best_delta=0.5641  25.0s
  [92/150]   S648 rnd_diag040          best_delta=0.7379  25.1s
  [93/150]   S648 rnd_diag043          best_delta=0.7354  25.1s
  [94/150]   S648 rnd_diag042          best_delta=0.7158  25.2s
  [95/150]   S648 rnd_diag044          best_delta=0.5745  25.2s
  [96/150]   S648 rnd_diag045          best_delta=0.5929  24.8s
  [97/150]   S648 rnd_diag046          best_delta=0.5907  25.0s
  [98/150]   S648 rnd_diag047          best_delta=0.8144  24.9s
  [99/150]   S648 rnd_diag048          best_delta=0.5455  25.2s
  [100/150]   S648 rnd_diag049          best_delta=0.7109  24.8s
  [101/150]  S1080 rnd_diag000          best_delta=0.3062  42.0s
  [102/150]  S1080 rnd_diag003          best_delta=0.3310  42.2s
  [103/150]  S1080 rnd_diag002          best_delta=0.8023  42.5s
  [104/150]  S1080 rnd_diag004          best_delta=0.3366  42.3s
  [105/150]  S1080 rnd_diag001          best_delta=0.2852  42.8s
  [106/150]  S1080 rnd_diag006          best_delta=0.4889  42.4s
  [107/150]  S1080 rnd_diag005          best_delta=0.3610  42.6s
  [108/150]  S1080 rnd_diag007          best_delta=0.6915  42.1s
  [109/150]  S1080 rnd_diag008          best_delta=0.2700  42.3s
  [110/150]  S1080 rnd_diag009          best_delta=0.4860  42.2s
  [111/150]  S1080 rnd_diag010          best_delta=0.4410  42.1s
  [112/150]  S1080 rnd_diag011          best_delta=0.6084  41.8s
  [113/150]  S1080 rnd_diag012          best_delta=0.2898  42.3s
  [114/150]  S1080 rnd_diag013          best_delta=0.7539  42.5s
  [115/150]  S1080 rnd_diag015          best_delta=0.3419  42.5s
  [116/150]  S1080 rnd_diag014          best_delta=0.9618  42.7s
  [117/150]  S1080 rnd_diag018          best_delta=0.3039  42.3s
  [118/150]  S1080 rnd_diag016          best_delta=0.9662  42.6s
  [119/150]  S1080 rnd_diag019          best_delta=0.4965  42.2s
  [120/150]  S1080 rnd_diag017          best_delta=0.5208  42.6s
  [121/150]  S1080 rnd_diag020          best_delta=0.2539  41.9s
  [122/150]  S1080 rnd_diag021          best_delta=0.4476  42.1s
  [123/150]  S1080 rnd_diag022          best_delta=0.8591  42.1s
  [124/150]  S1080 rnd_diag023          best_delta=0.9272  42.5s
  [125/150]  S1080 rnd_diag024          best_delta=0.9066  42.3s
  [126/150]  S1080 rnd_diag025          best_delta=0.2881  42.3s
  [127/150]  S1080 rnd_diag026          best_delta=0.6336  42.3s
  [128/150]  S1080 rnd_diag029          best_delta=0.4180  42.5s
  [129/150]  S1080 rnd_diag031          best_delta=0.7322  42.2s
  [130/150]  S1080 rnd_diag028          best_delta=0.5227  42.7s
  [131/150]  S1080 rnd_diag030          best_delta=0.2815  42.5s
  [132/150]  S1080 rnd_diag027          best_delta=0.5368  43.0s
  [133/150]  S1080 rnd_diag032          best_delta=0.5662  42.2s
  [134/150]  S1080 rnd_diag033          best_delta=0.2939  42.3s
  [135/150]  S1080 rnd_diag034          best_delta=0.5811  42.4s
  [136/150]  S1080 rnd_diag035          best_delta=0.7122  42.2s
  [137/150]  S1080 rnd_diag036          best_delta=0.2617  42.8s
  [138/150]  S1080 rnd_diag037          best_delta=0.3964  42.1s
  [139/150]  S1080 rnd_diag040          best_delta=0.3138  42.3s
  [140/150]  S1080 rnd_diag038          best_delta=0.4261  42.8s
  [141/150]  S1080 rnd_diag041          best_delta=0.3186  42.4s
  [142/150]  S1080 rnd_diag039          best_delta=0.6635  42.7s
  [143/150]  S1080 rnd_diag043          best_delta=0.2899  42.4s
  [144/150]  S1080 rnd_diag042          best_delta=0.7158  42.6s
  [145/150]  S1080 rnd_diag044          best_delta=0.3573  42.0s
  [146/150]  S1080 rnd_diag045          best_delta=0.8888  41.7s
  [147/150]  S1080 rnd_diag047          best_delta=0.3736  41.5s
  [148/150]  S1080 rnd_diag046          best_delta=0.5077  42.2s
  [149/150]  S1080 rnd_diag048          best_delta=0.3038  41.0s
  [150/150]  S1080 rnd_diag049          best_delta=0.7109  41.8s

 group  extension               kind             n    best_δ    mean_δ    std_δ   Q_T(b)   Q_T(μ)    Q_opt     sec
--------------------------------------------------------------------------------------------------------------
 S1080  rnd_diag020             mat              1    0.2539    0.2539   0.0000    5.095    5.095    2.495    41.9
 S1080  rnd_diag036             mat              1    0.2617    0.2617   0.0000    5.211    5.211    2.495    42.8
 S1080  rnd_diag008             mat              1    0.2700    0.2700   0.0000    5.335    5.335    2.495    42.3
 S1080  rnd_diag030             mat              1    0.2815    0.2815   0.0000    5.511    5.511    2.495    42.5
 S1080  rnd_diag001             mat              1    0.2852    0.2852   0.0000    5.567    5.567    2.495    42.8
 S1080  rnd_diag025             mat              1    0.2881    0.2881   0.0000    5.612    5.612    2.495    42.3
 S1080  rnd_diag012             mat              1    0.2898    0.2898   0.0000    5.639    5.639    2.495    42.3
 S1080  rnd_diag043             mat              1    0.2899    0.2899   0.0000    5.641    5.641    2.495    42.4
 S1080  rnd_diag033             mat              1    0.2939    0.2939   0.0000    5.703    5.703    2.495    42.3
 S1080  rnd_diag048             mat              1    0.3038    0.3038   0.0000    5.862    5.862    2.495    41.0
 S1080  rnd_diag018             mat              1    0.3039    0.3039   0.0000    5.864    5.864    2.495    42.3
 S1080  rnd_diag000             mat              1    0.3062    0.3062   0.0000    5.902    5.902    2.495    42.0
 S1080  rnd_diag040             mat              1    0.3138    0.3138   0.0000    6.027    6.027    2.495    42.3
 S1080  rnd_diag041             mat              1    0.3186    0.3186   0.0000    6.107    6.107    2.495    42.4
 S1080  rnd_diag003             mat              1    0.3310    0.3310   0.0000    6.318    6.318    2.495    42.2
 S1080  rnd_diag004             mat              1    0.3366    0.3366   0.0000    6.416    6.416    2.495    42.3
 S1080  rnd_diag015             mat              1    0.3419    0.3419   0.0000    6.509    6.509    2.495    42.5
 S1080  rnd_diag044             mat              1    0.3573    0.3573   0.0000    6.787    6.787    2.495    42.0
 S1080  rnd_diag005             mat              1    0.3610    0.3610   0.0000    6.856    6.856    2.495    42.6
 S1080  rnd_diag047             mat              1    0.3736    0.3736   0.0000    7.094    7.094    2.495    41.5
 S1080  rnd_diag037             mat              1    0.3964    0.3964   0.0000    7.548    7.548    2.495    42.1
 S1080  rnd_diag029             mat              1    0.4180    0.4180   0.0000    8.007    8.007    2.495    42.5
 S1080  rnd_diag038             mat              1    0.4261    0.4261   0.0000    8.187    8.187    2.495    42.8
 S1080  rnd_diag010             mat              1    0.4410    0.4410   0.0000    8.531    8.531    2.495    42.1
 S1080  rnd_diag021             mat              1    0.4476    0.4476   0.0000    8.690    8.690    2.495    42.1
 S1080  rnd_diag009             mat              1    0.4860    0.4860   0.0000    9.681    9.681    2.495    42.2
 S1080  rnd_diag006             mat              1    0.4889    0.4889   0.0000    9.761    9.761    2.495    42.4
 S1080  rnd_diag019             mat              1    0.4965    0.4965   0.0000    9.975    9.975    2.495    42.2
 S1080  rnd_diag046             mat              1    0.5077    0.5077   0.0000   10.305   10.305    2.495    42.2
 S1080  rnd_diag017             mat              1    0.5208    0.5208   0.0000   10.707   10.707    2.495    42.6
 S1080  rnd_diag028             mat              1    0.5227    0.5227   0.0000   10.766   10.766    2.495    42.7
 S1080  rnd_diag027             mat              1    0.5368    0.5368   0.0000   11.226   11.226    2.495    43.0
 S1080  rnd_diag032             mat              1    0.5662    0.5662   0.0000   12.278   12.278    2.495    42.2
 S1080  rnd_diag034             mat              1    0.5811    0.5811   0.0000   12.867   12.867    2.495    42.4
 S1080  rnd_diag011             mat              1    0.6084    0.6084   0.0000   14.055   14.055    2.495    41.8
 S1080  rnd_diag026             mat              1    0.6336    0.6336   0.0000   15.304   15.304    2.495    42.3
 S1080  rnd_diag039             mat              1    0.6635    0.6635   0.0000   17.029   17.029    2.495    42.7
 S1080  rnd_diag007             mat              1    0.6915    0.6915   0.0000   18.935   18.935    2.495    42.1
 S1080  rnd_diag049             mat              1    0.7109    0.7109   0.0000   20.468   20.468    2.495    41.8
 S1080  rnd_diag035             mat              1    0.7122    0.7122   0.0000   20.581   20.581    2.495    42.2
 S1080  rnd_diag042             mat              1    0.7158    0.7158   0.0000   20.888   20.888    2.495    42.6
 S1080  rnd_diag031             mat              1    0.7322    0.7322   0.0000   22.405   22.405    2.495    42.2
 S1080  rnd_diag013             mat              1    0.7539    0.7539   0.0000   24.727   24.727    2.495    42.5
 S1080  rnd_diag002             mat              1    0.8023    0.8023   0.0000   31.712   31.712    2.495    42.5
 S1080  rnd_diag022             mat              1    0.8591    0.8591   0.0000   45.991   45.991    2.495    42.1
 S1080  rnd_diag045             mat              1    0.8888    0.8888   0.0000   59.236   59.236    2.495    41.7
 S1080  rnd_diag024             mat              1    0.9066    0.9066   0.0000   71.262   71.262    2.495    42.3
 S1080  rnd_diag023             mat              1    0.9272    0.9272   0.0000   92.421   92.421    2.495    42.5
 S1080  rnd_diag014             mat              1    0.9618    0.9618   0.0000  179.304  179.304    2.495    42.7
 S1080  rnd_diag016             mat              1    0.9662    0.9662   0.0000  202.897  202.897    2.495    42.6
  S216  rnd_diag012             mat              1    0.4516    0.4516   0.0000    6.762    6.762    2.692     8.9
  S216  rnd_diag033             mat              1    0.4526    0.4526   0.0000    6.781    6.781    2.692     9.0
  S216  rnd_diag001             mat              1    0.4632    0.4632   0.0000    6.985    6.985    2.692     9.2
  S216  rnd_diag034             mat              1    0.4664    0.4664   0.0000    7.048    7.048    2.692     9.0
  S216  rnd_diag025             mat              1    0.4921    0.4921   0.0000    7.580    7.580    2.692     9.0
  S216  rnd_diag030             mat              1    0.4927    0.4927   0.0000    7.593    7.593    2.692     9.1
  S216  rnd_diag028             mat              1    0.4966    0.4966   0.0000    7.679    7.679    2.692     9.0
  S216  rnd_diag017             mat              1    0.5208    0.5208   0.0000    8.240    8.240    2.692     9.0
  S216  rnd_diag006             mat              1    0.5234    0.5234   0.0000    8.303    8.303    2.692     9.1
  S216  rnd_diag009             mat              1    0.5343    0.5343   0.0000    8.575    8.575    2.692     9.2
  S216  rnd_diag019             mat              1    0.5351    0.5351   0.0000    8.596    8.596    2.692     9.1
  S216  rnd_diag027             mat              1    0.5368    0.5368   0.0000    8.639    8.639    2.692     9.2
  S216  rnd_diag048             mat              1    0.5455    0.5455   0.0000    8.868    8.868    2.692     9.0
  S216  rnd_diag010             mat              1    0.5479    0.5479   0.0000    8.934    8.934    2.692     9.1
  S216  rnd_diag041             mat              1    0.5641    0.5641   0.0000    9.390    9.390    2.692     8.8
  S216  rnd_diag032             mat              1    0.5662    0.5662   0.0000    9.449    9.449    2.692     9.1
  S216  rnd_diag022             mat              1    0.5669    0.5669   0.0000    9.472    9.472    2.692     8.9
  S216  rnd_diag044             mat              1    0.5745    0.5745   0.0000    9.698    9.698    2.692     9.0
  S216  rnd_diag024             mat              1    0.5882    0.5882   0.0000   10.129   10.129    2.692     8.8
  S216  rnd_diag046             mat              1    0.5907    0.5907   0.0000   10.211   10.211    2.692     9.1
  S216  rnd_diag045             mat              1    0.5929    0.5929   0.0000   10.284   10.284    2.692     8.9
  S216  rnd_diag008             mat              1    0.5941    0.5941   0.0000   10.323   10.323    2.692     9.1
  S216  rnd_diag011             mat              1    0.6084    0.6084   0.0000   10.817   10.817    2.692     8.7
  S216  rnd_diag013             mat              1    0.6275    0.6275   0.0000   11.535   11.535    2.692     9.0
  S216  rnd_diag026             mat              1    0.6336    0.6336   0.0000   11.778   11.778    2.692     9.0
  S216  rnd_diag014             mat              1    0.6386    0.6386   0.0000   11.984   11.984    2.692     8.8
  S216  rnd_diag039             mat              1    0.6635    0.6635   0.0000   13.105   13.105    2.692     9.1
  S216  rnd_diag007             mat              1    0.6915    0.6915   0.0000   14.572   14.572    2.692     9.1
  S216  rnd_diag020             mat              1    0.7086    0.7086   0.0000   15.603   15.603    2.692     9.0
  S216  rnd_diag049             mat              1    0.7109    0.7109   0.0000   15.751   15.751    2.692     8.7
  S216  rnd_diag035             mat              1    0.7122    0.7122   0.0000   15.838   15.838    2.692     9.0
  S216  rnd_diag042             mat              1    0.7158    0.7158   0.0000   16.075   16.075    2.692     8.7
  S216  rnd_diag031             mat              1    0.7322    0.7322   0.0000   17.242   17.242    2.692     9.1
  S216  rnd_diag043             mat              1    0.7354    0.7354   0.0000   17.488   17.488    2.692     9.0
  S216  rnd_diag040             mat              1    0.7379    0.7379   0.0000   17.687   17.687    2.692     8.9
  S216  rnd_diag015             mat              1    0.7637    0.7637   0.0000   19.936   19.936    2.692     8.9
  S216  rnd_diag018             mat              1    0.7859    0.7859   0.0000   22.311   22.311    2.692     9.1
  S216  rnd_diag005             mat              1    0.7900    0.7900   0.0000   22.807   22.807    2.692     9.2
  S216  rnd_diag002             mat              1    0.8023    0.8023   0.0000   24.405   24.405    2.692     8.8
  S216  rnd_diag047             mat              1    0.8144    0.8144   0.0000   26.183   26.183    2.692     8.9
  S216  rnd_diag037             mat              1    0.8342    0.8342   0.0000   29.656   29.656    2.692     9.0
  S216  rnd_diag036             mat              1    0.8872    0.8872   0.0000   44.928   44.928    2.692     8.9
  S216  rnd_diag029             mat              1    0.8926    0.8926   0.0000   47.294   47.294    2.692     8.7
  S216  rnd_diag038             mat              1    0.8995    0.8995   0.0000   50.739   50.739    2.692     8.9
  S216  rnd_diag023             mat              1    0.9272    0.9272   0.0000   71.125   71.125    2.692     9.0
  S216  rnd_diag021             mat              1    0.9501    0.9501   0.0000  105.099  105.099    2.692     9.0
  S216  rnd_diag004             mat              1    0.9503    0.9503   0.0000  105.338  105.338    2.692     9.3
  S216  rnd_diag016             mat              1    0.9662    0.9662   0.0000  156.145  156.145    2.692     9.2
  S216  rnd_diag003             mat              1    0.9756    0.9756   0.0000  217.257  217.257    2.692     9.1
  S216  rnd_diag000             mat              1    0.9921    0.9921   0.0000  677.497  677.497    2.692     8.9
  S648  rnd_diag012             mat              1    0.4516    0.4516   0.0000    8.144    8.144    2.544    24.9
  S648  rnd_diag033             mat              1    0.4526    0.4526   0.0000    8.166    8.166    2.544    25.6
  S648  rnd_diag001             mat              1    0.4632    0.4632   0.0000    8.412    8.412    2.544    25.2
  S648  rnd_diag034             mat              1    0.4664    0.4664   0.0000    8.488    8.488    2.544    25.1
  S648  rnd_diag025             mat              1    0.4921    0.4921   0.0000    9.129    9.129    2.544    25.2
  S648  rnd_diag030             mat              1    0.4927    0.4927   0.0000    9.145    9.145    2.544    25.1
  S648  rnd_diag028             mat              1    0.4966    0.4966   0.0000    9.249    9.249    2.544    25.3
  S648  rnd_diag017             mat              1    0.5208    0.5208   0.0000    9.924    9.924    2.544    25.0
  S648  rnd_diag006             mat              1    0.5234    0.5234   0.0000   10.000   10.000    2.544    25.2
  S648  rnd_diag009             mat              1    0.5343    0.5343   0.0000   10.327   10.327    2.544    26.3
  S648  rnd_diag019             mat              1    0.5351    0.5351   0.0000   10.353   10.353    2.544    25.1
  S648  rnd_diag027             mat              1    0.5368    0.5368   0.0000   10.405   10.405    2.544    25.5
  S648  rnd_diag048             mat              1    0.5455    0.5455   0.0000   10.681   10.681    2.544    25.2
  S648  rnd_diag010             mat              1    0.5479    0.5479   0.0000   10.760   10.760    2.544    24.8
  S648  rnd_diag041             mat              1    0.5641    0.5641   0.0000   11.309   11.309    2.544    25.0
  S648  rnd_diag032             mat              1    0.5662    0.5662   0.0000   11.380   11.380    2.544    25.2
  S648  rnd_diag022             mat              1    0.5669    0.5669   0.0000   11.408   11.408    2.544    24.7
  S648  rnd_diag044             mat              1    0.5745    0.5745   0.0000   11.680   11.680    2.544    25.2
  S648  rnd_diag024             mat              1    0.5882    0.5882   0.0000   12.199   12.199    2.544    24.8
  S648  rnd_diag046             mat              1    0.5907    0.5907   0.0000   12.298   12.298    2.544    25.0
  S648  rnd_diag045             mat              1    0.5929    0.5929   0.0000   12.386   12.386    2.544    24.8
  S648  rnd_diag008             mat              1    0.5941    0.5941   0.0000   12.432   12.432    2.544    25.2
  S648  rnd_diag011             mat              1    0.6084    0.6084   0.0000   13.028   13.028    2.544    24.7
  S648  rnd_diag013             mat              1    0.6275    0.6275   0.0000   13.893   13.893    2.544    25.5
  S648  rnd_diag026             mat              1    0.6336    0.6336   0.0000   14.185   14.185    2.544    25.5
  S648  rnd_diag014             mat              1    0.6386    0.6386   0.0000   14.434   14.434    2.544    24.8
  S648  rnd_diag039             mat              1    0.6635    0.6635   0.0000   15.783   15.783    2.544    25.0
  S648  rnd_diag007             mat              1    0.6915    0.6915   0.0000   17.551   17.551    2.544    25.1
  S648  rnd_diag020             mat              1    0.7086    0.7086   0.0000   18.791   18.791    2.544    25.2
  S648  rnd_diag049             mat              1    0.7109    0.7109   0.0000   18.971   18.971    2.544    24.8
  S648  rnd_diag035             mat              1    0.7122    0.7122   0.0000   19.075   19.075    2.544    25.5
  S648  rnd_diag042             mat              1    0.7158    0.7158   0.0000   19.360   19.360    2.544    25.2
  S648  rnd_diag031             mat              1    0.7322    0.7322   0.0000   20.766   20.766    2.544    25.2
  S648  rnd_diag043             mat              1    0.7354    0.7354   0.0000   21.062   21.062    2.544    25.1
  S648  rnd_diag040             mat              1    0.7379    0.7379   0.0000   21.302   21.302    2.544    25.1
  S648  rnd_diag015             mat              1    0.7637    0.7637   0.0000   24.010   24.010    2.544    25.2
  S648  rnd_diag018             mat              1    0.7859    0.7859   0.0000   26.871   26.871    2.544    25.1
  S648  rnd_diag005             mat              1    0.7900    0.7900   0.0000   27.468   27.468    2.544    24.7
  S648  rnd_diag002             mat              1    0.8023    0.8023   0.0000   29.393   29.393    2.544    25.0
  S648  rnd_diag047             mat              1    0.8144    0.8144   0.0000   31.535   31.535    2.544    24.9
  S648  rnd_diag037             mat              1    0.8342    0.8342   0.0000   35.718   35.718    2.544    25.0
  S648  rnd_diag036             mat              1    0.8872    0.8872   0.0000   54.111   54.111    2.544    24.9
  S648  rnd_diag029             mat              1    0.8926    0.8926   0.0000   56.960   56.960    2.544    25.0
  S648  rnd_diag038             mat              1    0.8995    0.8995   0.0000   61.110   61.110    2.544    25.0
  S648  rnd_diag023             mat              1    0.9272    0.9272   0.0000   85.662   85.662    2.544    25.3
  S648  rnd_diag021             mat              1    0.9501    0.9501   0.0000  126.579  126.579    2.544    24.9
  S648  rnd_diag004             mat              1    0.9503    0.9503   0.0000  126.867  126.867    2.544    25.3
  S648  rnd_diag016             mat              1    0.9662    0.9662   0.0000  188.058  188.058    2.544    25.2
  S648  rnd_diag003             mat              1    0.9756    0.9756   0.0000  261.660  261.660    2.544    25.3
  S648  rnd_diag000             mat              1    0.9921    0.9921   0.0000  815.966  815.966    2.544    24.7
[
  {
    "group": "S1080",
    "name": "rnd_diag020",
    "kind": "mat",
    "n_samples": 1,
    "best_delta": 0.25387437257863793,
    "mean_delta": 0.25387437257863793,
    "std_delta": 0.0,
    "qt_best": 5.094927547264828,
    "qt_mean": 5.094927547264828,
    "q_opt": 2.494831872784533,
    "seconds": 41.85406827926636
  },
  {
    "group": "S1080",
    "name": "rnd_diag036",
    "kind": "mat",
    "n_samples": 1,
    "best_delta": 0.2617491549176493,
    "mean_delta": 0.2617491549176493,
    "std_delta": 0.0,
    "qt_best": 5.211041215679383,
    "qt_mean": 5.211041215679383,
    "q_opt": 2.494831872784533,
    "seconds": 42.81399178504944
  },
  {
    "group": "S1080",
    "name": "rnd_diag008",
    "kind": "mat",
    "n_samples": 1,
    "best_delta": 0.2700066095664849,
    "mean_delta": 0.2700066095664849,
    "std_delta": 0.0,
    "qt_best": 5.33465909994489,
    "qt_mean": 5.33465909994489,
    "q_opt": 2.494831872784533,
    "seconds": 42.32817983627319
  },
  {
    "group": "S1080",
    "name": "rnd_diag030",
    "kind": "mat",
    "n_samples": 1,
    "best_delta": 0.2815408076304056,
    "mean_delta": 0.2815408076304056,
    "std_delta": 0.0,
    "qt_best": 5.510720500162415,
    "qt_mean": 5.510720500162415,
    "q_opt": 2.494831872784533,
    "seconds": 42.49327301979065
  },
  {
    "group": "S1080",
    "name": "rnd_diag001",
    "kind": "mat",
    "n_samples": 1,
    "best_delta": 0.2851990409179738,
    "mean_delta": 0.2851990409179738,
    "std_delta": 0.0,
    "qt_best": 5.567427656519818,
    "qt_mean": 5.567427656519818,
    "q_opt": 2.494831872784533,
    "seconds": 42.75420689582825
  },
  {
    "group": "S1080",
    "name": "rnd_diag025",
    "kind": "mat",
    "n_samples": 1,
    "best_delta": 0.28808229728903073,
    "mean_delta": 0.28808229728903073,
    "std_delta": 0.0,
    "qt_best": 5.612426942668341,
    "qt_mean": 5.612426942668341,
    "q_opt": 2.494831872784533,
    "seconds": 42.339253187179565
  },
  {
    "group": "S1080",
    "name": "rnd_diag012",
    "kind": "mat",
    "n_samples": 1,
    "best_delta": 0.2897749251501141,
    "mean_delta": 0.2897749251501141,
    "std_delta": 0.0,
    "qt_best": 5.638971408999279,
    "qt_mean": 5.638971408999279,
    "q_opt": 2.494831872784533,
    "seconds": 42.255910873413086
  },
  {
    "group": "S1080",
    "name": "rnd_diag043",
    "kind": "mat",
    "n_samples": 1,
    "best_delta": 0.28987483605332215,
    "mean_delta": 0.28987483605332215,
    "std_delta": 0.0,
    "qt_best": 5.640541226339345,
    "qt_mean": 5.640541226339345,
    "q_opt": 2.494831872784533,
    "seconds": 42.377726316452026
  },
  {
    "group": "S1080",
    "name": "rnd_diag033",
    "kind": "mat",
    "n_samples": 1,
    "best_delta": 0.2938518316954935,
    "mean_delta": 0.2938518316954935,
    "std_delta": 0.0,
    "qt_best": 5.703300886855572,
    "qt_mean": 5.703300886855572,
    "q_opt": 2.494831872784533,
    "seconds": 42.26953887939453
  },
  {
    "group": "S1080",
    "name": "rnd_diag048",
    "kind": "mat",
    "n_samples": 1,
    "best_delta": 0.3037562763145188,
    "mean_delta": 0.3037562763145188,
    "std_delta": 0.0,
    "qt_best": 5.861974551418638,
    "qt_mean": 5.861974551418638,
    "q_opt": 2.494831872784533,
    "seconds": 40.96567249298096
  },
  {
    "group": "S1080",
    "name": "rnd_diag018",
    "kind": "mat",
    "n_samples": 1,
    "best_delta": 0.3038545271538692,
    "mean_delta": 0.3038545271538692,
    "std_delta": 0.0,
    "qt_best": 5.863566018857069,
    "qt_mean": 5.863566018857069,
    "q_opt": 2.494831872784533,
    "seconds": 42.29508066177368
  },
  {
    "group": "S1080",
    "name": "rnd_diag000",
    "kind": "mat",
    "n_samples": 1,
    "best_delta": 0.3062217374895345,
    "mean_delta": 0.3062217374895345,
    "std_delta": 0.0,
    "qt_best": 5.902016195448419,
    "qt_mean": 5.902016195448419,
    "q_opt": 2.494831872784533,
    "seconds": 41.97153353691101
  },
  {
    "group": "S1080",
    "name": "rnd_diag040",
    "kind": "mat",
    "n_samples": 1,
    "best_delta": 0.3138371191836195,
    "mean_delta": 0.3138371191836195,
    "std_delta": 0.0,
    "qt_best": 6.027120452944503,
    "qt_mean": 6.027120452944503,
    "q_opt": 2.494831872784533,
    "seconds": 42.27437925338745
  },
  {
    "group": "S1080",
    "name": "rnd_diag041",
    "kind": "mat",
    "n_samples": 1,
    "best_delta": 0.3186142973696466,
    "mean_delta": 0.3186142973696466,
    "std_delta": 0.0,
    "qt_best": 6.106727620988818,
    "qt_mean": 6.106727620988818,
    "q_opt": 2.494831872784533,
    "seconds": 42.377427101135254
  },
  {
    "group": "S1080",
    "name": "rnd_diag003",
    "kind": "mat",
    "n_samples": 1,
    "best_delta": 0.33103656360984646,
    "mean_delta": 0.33103656360984646,
    "std_delta": 0.0,
    "qt_best": 6.318000214054117,
    "qt_mean": 6.318000214054117,
    "q_opt": 2.494831872784533,
    "seconds": 42.248555421829224
  },
  {
    "group": "S1080",
    "name": "rnd_diag004",
    "kind": "mat",
    "n_samples": 1,
    "best_delta": 0.33664793451733005,
    "mean_delta": 0.33664793451733005,
    "std_delta": 0.0,
    "qt_best": 6.415544603945603,
    "qt_mean": 6.415544603945603,
    "q_opt": 2.494831872784533,
    "seconds": 42.3110146522522
  },
  {
    "group": "S1080",
    "name": "rnd_diag015",
    "kind": "mat",
    "n_samples": 1,
    "best_delta": 0.34193683206696956,
    "mean_delta": 0.34193683206696956,
    "std_delta": 0.0,
    "qt_best": 6.508737182899662,
    "qt_mean": 6.508737182899662,
    "q_opt": 2.494831872784533,
    "seconds": 42.4802029132843
  },
  {
    "group": "S1080",
    "name": "rnd_diag044",
    "kind": "mat",
    "n_samples": 1,
    "best_delta": 0.3573310720592231,
    "mean_delta": 0.3573310720592231,
    "std_delta": 0.0,
    "qt_best": 6.787257658598952,
    "qt_mean": 6.787257658598952,
    "q_opt": 2.494831872784533,
    "seconds": 42.02914571762085
  },
  {
    "group": "S1080",
    "name": "rnd_diag005",
    "kind": "mat",
    "n_samples": 1,
    "best_delta": 0.3610299903081532,
    "mean_delta": 0.3610299903081532,
    "std_delta": 0.0,
    "qt_best": 6.855865480903022,
    "qt_mean": 6.855865480903022,
    "q_opt": 2.494831872784533,
    "seconds": 42.62028765678406
  },
  {
    "group": "S1080",
    "name": "rnd_diag047",
    "kind": "mat",
    "n_samples": 1,
    "best_delta": 0.3736064397378208,
    "mean_delta": 0.3736064397378208,
    "std_delta": 0.0,
    "qt_best": 7.094306789197656,
    "qt_mean": 7.094306789197656,
    "q_opt": 2.494831872784533,
    "seconds": 41.46247434616089
  },
  {
    "group": "S1080",
    "name": "rnd_diag037",
    "kind": "mat",
    "n_samples": 1,
    "best_delta": 0.39637763698197404,
    "mean_delta": 0.39637763698197404,
    "std_delta": 0.0,
    "qt_best": 7.547879510778017,
    "qt_mean": 7.547879510778017,
    "q_opt": 2.494831872784533,
    "seconds": 42.11769723892212
  },
  {
    "group": "S1080",
    "name": "rnd_diag029",
    "kind": "mat",
    "n_samples": 1,
    "best_delta": 0.4179563446400839,
    "mean_delta": 0.4179563446400839,
    "std_delta": 0.0,
    "qt_best": 8.006522394707954,
    "qt_mean": 8.006522394707954,
    "q_opt": 2.494831872784533,
    "seconds": 42.46286702156067
  },
  {
    "group": "S1080",
    "name": "rnd_diag038",
    "kind": "mat",
    "n_samples": 1,
    "best_delta": 0.4260627038684406,
    "mean_delta": 0.4260627038684406,
    "std_delta": 0.0,
    "qt_best": 8.186793420343875,
    "qt_mean": 8.186793420343875,
    "q_opt": 2.494831872784533,
    "seconds": 42.81191825866699
  },
  {
    "group": "S1080",
    "name": "rnd_diag010",
    "kind": "mat",
    "n_samples": 1,
    "best_delta": 0.4409769401212265,
    "mean_delta": 0.4409769401212265,
    "std_delta": 0.0,
    "qt_best": 8.53081895868196,
    "qt_mean": 8.53081895868196,
    "q_opt": 2.494831872784533,
    "seconds": 42.12476181983948
  },
  {
    "group": "S1080",
    "name": "rnd_diag021",
    "kind": "mat",
    "n_samples": 1,
    "best_delta": 0.44764998239799075,
    "mean_delta": 0.44764998239799075,
    "std_delta": 0.0,
    "qt_best": 8.69022902562695,
    "qt_mean": 8.69022902562695,
    "q_opt": 2.494831872784533,
    "seconds": 42.09307551383972
  },
  {
    "group": "S1080",
    "name": "rnd_diag009",
    "kind": "mat",
    "n_samples": 1,
    "best_delta": 0.48603889123351446,
    "mean_delta": 0.48603889123351446,
    "std_delta": 0.0,
    "qt_best": 9.681274198468255,
    "qt_mean": 9.681274198468255,
    "q_opt": 2.494831872784533,
    "seconds": 42.23370409011841
  },
  {
    "group": "S1080",
    "name": "rnd_diag006",
    "kind": "mat",
    "n_samples": 1,
    "best_delta": 0.48890416487677696,
    "mean_delta": 0.48890416487677696,
    "std_delta": 0.0,
    "qt_best": 9.760796161493174,
    "qt_mean": 9.760796161493174,
    "q_opt": 2.494831872784533,
    "seconds": 42.439958572387695
  },
  {
    "group": "S1080",
    "name": "rnd_diag019",
    "kind": "mat",
    "n_samples": 1,
    "best_delta": 0.49647252499651395,
    "mean_delta": 0.49647252499651395,
    "std_delta": 0.0,
    "qt_best": 9.974929529311709,
    "qt_mean": 9.974929529311709,
    "q_opt": 2.494831872784533,
    "seconds": 42.153480768203735
  },
  {
    "group": "S1080",
    "name": "rnd_diag046",
    "kind": "mat",
    "n_samples": 1,
    "best_delta": 0.5077418492862364,
    "mean_delta": 0.5077418492862364,
    "std_delta": 0.0,
    "qt_best": 10.305252968395015,
    "qt_mean": 10.305252968395015,
    "q_opt": 2.494831872784533,
    "seconds": 42.23619747161865
  },
  {
    "group": "S1080",
    "name": "rnd_diag017",
    "kind": "mat",
    "n_samples": 1,
    "best_delta": 0.5208086474447396,
    "mean_delta": 0.5208086474447396,
    "std_delta": 0.0,
    "qt_best": 10.706636806458558,
    "qt_mean": 10.706636806458558,
    "q_opt": 2.494831872784533,
    "seconds": 42.63173985481262
  },
  {
    "group": "S1080",
    "name": "rnd_diag028",
    "kind": "mat",
    "n_samples": 1,
    "best_delta": 0.5226749662864598,
    "mean_delta": 0.5226749662864598,
    "std_delta": 0.0,
    "qt_best": 10.765667232251248,
    "qt_mean": 10.765667232251248,
    "q_opt": 2.494831872784533,
    "seconds": 42.658549547195435
  },
  {
    "group": "S1080",
    "name": "rnd_diag027",
    "kind": "mat",
    "n_samples": 1,
    "best_delta": 0.5367649915051478,
    "mean_delta": 0.5367649915051478,
    "std_delta": 0.0,
    "qt_best": 11.225929656682144,
    "qt_mean": 11.225929656682144,
    "q_opt": 2.494831872784533,
    "seconds": 43.032469272613525
  },
  {
    "group": "S1080",
    "name": "rnd_diag032",
    "kind": "mat",
    "n_samples": 1,
    "best_delta": 0.5661675058889934,
    "mean_delta": 0.5661675058889934,
    "std_delta": 0.0,
    "qt_best": 12.27833082382484,
    "qt_mean": 12.27833082382484,
    "q_opt": 2.494831872784533,
    "seconds": 42.158485889434814
  },
  {
    "group": "S1080",
    "name": "rnd_diag034",
    "kind": "mat",
    "n_samples": 1,
    "best_delta": 0.5810936066470441,
    "mean_delta": 0.5810936066470441,
    "std_delta": 0.0,
    "qt_best": 12.866907906646405,
    "qt_mean": 12.866907906646405,
    "q_opt": 2.494831872784533,
    "seconds": 42.352776288986206
  },
  {
    "group": "S1080",
    "name": "rnd_diag011",
    "kind": "mat",
    "n_samples": 1,
    "best_delta": 0.608390106454197,
    "mean_delta": 0.608390106454197,
    "std_delta": 0.0,
    "qt_best": 14.055480847487072,
    "qt_mean": 14.055480847487072,
    "q_opt": 2.494831872784533,
    "seconds": 41.78647804260254
  },
  {
    "group": "S1080",
    "name": "rnd_diag026",
    "kind": "mat",
    "n_samples": 1,
    "best_delta": 0.633561675809092,
    "mean_delta": 0.633561675809092,
    "std_delta": 0.0,
    "qt_best": 15.304005367111408,
    "qt_mean": 15.304005367111408,
    "q_opt": 2.494831872784533,
    "seconds": 42.31599521636963
  },
  {
    "group": "S1080",
    "name": "rnd_diag039",
    "kind": "mat",
    "n_samples": 1,
    "best_delta": 0.6635344242975382,
    "mean_delta": 0.6635344242975382,
    "std_delta": 0.0,
    "qt_best": 17.02864409306386,
    "qt_mean": 17.02864409306386,
    "q_opt": 2.494831872784533,
    "seconds": 42.74134850502014
  },
  {
    "group": "S1080",
    "name": "rnd_diag007",
    "kind": "mat",
    "n_samples": 1,
    "best_delta": 0.6915159080911812,
    "mean_delta": 0.6915159080911812,
    "std_delta": 0.0,
    "qt_best": 18.935486560340788,
    "qt_mean": 18.935486560340788,
    "q_opt": 2.494831872784533,
    "seconds": 42.11636018753052
  },
  {
    "group": "S1080",
    "name": "rnd_diag049",
    "kind": "mat",
    "n_samples": 1,
    "best_delta": 0.7108748900946101,
    "mean_delta": 0.7108748900946101,
    "std_delta": 0.0,
    "qt_best": 20.467503688775007,
    "qt_mean": 20.467503688775007,
    "q_opt": 2.494831872784533,
    "seconds": 41.786099672317505
  },
  {
    "group": "S1080",
    "name": "rnd_diag035",
    "kind": "mat",
    "n_samples": 1,
    "best_delta": 0.7122085171796495,
    "mean_delta": 0.7122085171796495,
    "std_delta": 0.0,
    "qt_best": 20.5805371393461,
    "qt_mean": 20.5805371393461,
    "q_opt": 2.494831872784533,
    "seconds": 42.20312738418579
  },
  {
    "group": "S1080",
    "name": "rnd_diag042",
    "kind": "mat",
    "n_samples": 1,
    "best_delta": 0.7157757678066246,
    "mean_delta": 0.7157757678066246,
    "std_delta": 0.0,
    "qt_best": 20.88803824463744,
    "qt_mean": 20.88803824463744,
    "q_opt": 2.494831872784533,
    "seconds": 42.578296422958374
  },
  {
    "group": "S1080",
    "name": "rnd_diag031",
    "kind": "mat",
    "n_samples": 1,
    "best_delta": 0.7321634793337105,
    "mean_delta": 0.7321634793337105,
    "std_delta": 0.0,
    "qt_best": 22.404759148193236,
    "qt_mean": 22.404759148193236,
    "q_opt": 2.494831872784533,
    "seconds": 42.24388837814331
  },
  {
    "group": "S1080",
    "name": "rnd_diag013",
    "kind": "mat",
    "n_samples": 1,
    "best_delta": 0.7539134158016343,
    "mean_delta": 0.7539134158016343,
    "std_delta": 0.0,
    "qt_best": 24.726606970839864,
    "qt_mean": 24.726606970839864,
    "q_opt": 2.494831872784533,
    "seconds": 42.53921175003052
  },
  {
    "group": "S1080",
    "name": "rnd_diag002",
    "kind": "mat",
    "n_samples": 1,
    "best_delta": 0.8023168315726664,
    "mean_delta": 0.8023168315726664,
    "std_delta": 0.0,
    "qt_best": 31.712429034606778,
    "qt_mean": 31.712429034606778,
    "q_opt": 2.494831872784533,
    "seconds": 42.45232796669006
  },
  {
    "group": "S1080",
    "name": "rnd_diag022",
    "kind": "mat",
    "n_samples": 1,
    "best_delta": 0.859098072940003,
    "mean_delta": 0.859098072940003,
    "std_delta": 0.0,
    "qt_best": 45.99075187621095,
    "qt_mean": 45.99075187621095,
    "q_opt": 2.494831872784533,
    "seconds": 42.084800004959106
  },
  {
    "group": "S1080",
    "name": "rnd_diag045",
    "kind": "mat",
    "n_samples": 1,
    "best_delta": 0.8887724739052332,
    "mean_delta": 0.8887724739052332,
    "std_delta": 0.0,
    "qt_best": 59.235677385215496,
    "qt_mean": 59.235677385215496,
    "q_opt": 2.494831872784533,
    "seconds": 41.699824810028076
  },
  {
    "group": "S1080",
    "name": "rnd_diag024",
    "kind": "mat",
    "n_samples": 1,
    "best_delta": 0.90663529484912,
    "mean_delta": 0.90663529484912,
    "std_delta": 0.0,
    "qt_best": 71.26170067071092,
    "qt_mean": 71.26170067071092,
    "q_opt": 2.494831872784533,
    "seconds": 42.26609516143799
  },
  {
    "group": "S1080",
    "name": "rnd_diag023",
    "kind": "mat",
    "n_samples": 1,
    "best_delta": 0.9272102315084052,
    "mean_delta": 0.9272102315084052,
    "std_delta": 0.0,
    "qt_best": 92.4210485001658,
    "qt_mean": 92.4210485001658,
    "q_opt": 2.494831872784533,
    "seconds": 42.51783776283264
  },
  {
    "group": "S1080",
    "name": "rnd_diag014",
    "kind": "mat",
    "n_samples": 1,
    "best_delta": 0.961794388797044,
    "mean_delta": 0.961794388797044,
    "std_delta": 0.0,
    "qt_best": 179.3040911618233,
    "qt_mean": 179.3040911618233,
    "q_opt": 2.494831872784533,
    "seconds": 42.65117835998535
  },
  {
    "group": "S1080",
    "name": "rnd_diag016",
    "kind": "mat",
    "n_samples": 1,
    "best_delta": 0.9661608639050538,
    "mean_delta": 0.9661608639050538,
    "std_delta": 0.0,
    "qt_best": 202.89702089394513,
    "qt_mean": 202.89702089394513,
    "q_opt": 2.494831872784533,
    "seconds": 42.62486672401428
  },
  {
    "group": "S216",
    "name": "rnd_diag012",
    "kind": "mat",
    "n_samples": 1,
    "best_delta": 0.45159250922317606,
    "mean_delta": 0.45159250922317606,
    "std_delta": 0.0,
    "qt_best": 6.76156882610439,
    "qt_mean": 6.76156882610439,
    "q_opt": 2.6919298532563634,
    "seconds": 8.928575992584229
  },
  {
    "group": "S216",
    "name": "rnd_diag033",
    "kind": "mat",
    "n_samples": 1,
    "best_delta": 0.4525978475203578,
    "mean_delta": 0.4525978475203578,
    "std_delta": 0.0,
    "qt_best": 6.7805355813451,
    "qt_mean": 6.7805355813451,
    "q_opt": 2.6919298532563634,
    "seconds": 9.012060165405273
  },
  {
    "group": "S216",
    "name": "rnd_diag001",
    "kind": "mat",
    "n_samples": 1,
    "best_delta": 0.4631980444674877,
    "mean_delta": 0.4631980444674877,
    "std_delta": 0.0,
    "qt_best": 6.984504151429724,
    "qt_mean": 6.984504151429724,
    "q_opt": 2.6919298532563634,
    "seconds": 9.178294897079468
  },
  {
    "group": "S216",
    "name": "rnd_diag034",
    "kind": "mat",
    "n_samples": 1,
    "best_delta": 0.46639552151283253,
    "mean_delta": 0.46639552151283253,
    "std_delta": 0.0,
    "qt_best": 7.047500556989482,
    "qt_mean": 7.047500556989482,
    "q_opt": 2.6919298532563634,
    "seconds": 8.968195915222168
  },
  {
    "group": "S216",
    "name": "rnd_diag025",
    "kind": "mat",
    "n_samples": 1,
    "best_delta": 0.49206013940693777,
    "mean_delta": 0.49206013940693777,
    "std_delta": 0.0,
    "qt_best": 7.579842834502177,
    "qt_mean": 7.579842834502177,
    "q_opt": 2.6919298532563634,
    "seconds": 9.012810945510864
  },
  {
    "group": "S216",
    "name": "rnd_diag030",
    "kind": "mat",
    "n_samples": 1,
    "best_delta": 0.4926676085565755,
    "mean_delta": 0.4926676085565755,
    "std_delta": 0.0,
    "qt_best": 7.593053167973663,
    "qt_mean": 7.593053167973663,
    "q_opt": 2.6919298532563634,
    "seconds": 9.083349466323853
  },
  {
    "group": "S216",
    "name": "rnd_diag028",
    "kind": "mat",
    "n_samples": 1,
    "best_delta": 0.49659837579257593,
    "mean_delta": 0.49659837579257593,
    "std_delta": 0.0,
    "qt_best": 7.679257931575115,
    "qt_mean": 7.679257931575115,
    "q_opt": 2.6919298532563634,
    "seconds": 9.012753963470459
  },
  {
    "group": "S216",
    "name": "rnd_diag017",
    "kind": "mat",
    "n_samples": 1,
    "best_delta": 0.5208086474447388,
    "mean_delta": 0.5208086474447388,
    "std_delta": 0.0,
    "qt_best": 8.239583543129296,
    "qt_mean": 8.239583543129296,
    "q_opt": 2.6919298532563634,
    "seconds": 9.01698112487793
  },
  {
    "group": "S216",
    "name": "rnd_diag006",
    "kind": "mat",
    "n_samples": 1,
    "best_delta": 0.5234018168166986,
    "mean_delta": 0.5234018168166986,
    "std_delta": 0.0,
    "qt_best": 8.302795959877587,
    "qt_mean": 8.302795959877587,
    "q_opt": 2.6919298532563634,
    "seconds": 9.124728202819824
  },
  {
    "group": "S216",
    "name": "rnd_diag009",
    "kind": "mat",
    "n_samples": 1,
    "best_delta": 0.5342508774497366,
    "mean_delta": 0.5342508774497366,
    "std_delta": 0.0,
    "qt_best": 8.574519639133053,
    "qt_mean": 8.574519639133053,
    "q_opt": 2.6919298532563634,
    "seconds": 9.183148384094238
  },
  {
    "group": "S216",
    "name": "rnd_diag019",
    "kind": "mat",
    "n_samples": 1,
    "best_delta": 0.5350898554622152,
    "mean_delta": 0.5350898554622152,
    "std_delta": 0.0,
    "qt_best": 8.596036138885276,
    "qt_mean": 8.596036138885276,
    "q_opt": 2.6919298532563634,
    "seconds": 9.076708555221558
  },
  {
    "group": "S216",
    "name": "rnd_diag027",
    "kind": "mat",
    "n_samples": 1,
    "best_delta": 0.5367649915051449,
    "mean_delta": 0.5367649915051449,
    "std_delta": 0.0,
    "qt_best": 8.63921947924187,
    "qt_mean": 8.63921947924187,
    "q_opt": 2.6919298532563634,
    "seconds": 9.185597896575928
  },
  {
    "group": "S216",
    "name": "rnd_diag048",
    "kind": "mat",
    "n_samples": 1,
    "best_delta": 0.5454587003141561,
    "mean_delta": 0.5454587003141561,
    "std_delta": 0.0,
    "qt_best": 8.868220499682899,
    "qt_mean": 8.868220499682899,
    "q_opt": 2.6919298532563634,
    "seconds": 8.998916149139404
  },
  {
    "group": "S216",
    "name": "rnd_diag010",
    "kind": "mat",
    "n_samples": 1,
    "best_delta": 0.5479008930015388,
    "mean_delta": 0.5479008930015388,
    "std_delta": 0.0,
    "qt_best": 8.934066946835776,
    "qt_mean": 8.934066946835776,
    "q_opt": 2.6919298532563634,
    "seconds": 9.108493089675903
  },
  {
    "group": "S216",
    "name": "rnd_diag041",
    "kind": "mat",
    "n_samples": 1,
    "best_delta": 0.5641402161836312,
    "mean_delta": 0.5641402161836312,
    "std_delta": 0.0,
    "qt_best": 9.389912516338711,
    "qt_mean": 9.389912516338711,
    "q_opt": 2.6919298532563634,
    "seconds": 8.798198223114014
  },
  {
    "group": "S216",
    "name": "rnd_diag032",
    "kind": "mat",
    "n_samples": 1,
    "best_delta": 0.5661675058889915,
    "mean_delta": 0.5661675058889915,
    "std_delta": 0.0,
    "qt_best": 9.449123419602342,
    "qt_mean": 9.449123419602342,
    "q_opt": 2.6919298532563634,
    "seconds": 9.065804958343506
  },
  {
    "group": "S216",
    "name": "rnd_diag022",
    "kind": "mat",
    "n_samples": 1,
    "best_delta": 0.5669423307407275,
    "mean_delta": 0.5669423307407275,
    "std_delta": 0.0,
    "qt_best": 9.47189478221332,
    "qt_mean": 9.47189478221332,
    "q_opt": 2.6919298532563634,
    "seconds": 8.920215129852295
  },
  {
    "group": "S216",
    "name": "rnd_diag044",
    "kind": "mat",
    "n_samples": 1,
    "best_delta": 0.5744782169707384,
    "mean_delta": 0.5744782169707384,
    "std_delta": 0.0,
    "qt_best": 9.697538032194863,
    "qt_mean": 9.697538032194863,
    "q_opt": 2.6919298532563634,
    "seconds": 8.951953411102295
  },
  {
    "group": "S216",
    "name": "rnd_diag024",
    "kind": "mat",
    "n_samples": 1,
    "best_delta": 0.5881916493017514,
    "mean_delta": 0.5881916493017514,
    "std_delta": 0.0,
    "qt_best": 10.128610500413675,
    "qt_mean": 10.128610500413675,
    "q_opt": 2.6919298532563634,
    "seconds": 8.83769154548645
  },
  {
    "group": "S216",
    "name": "rnd_diag046",
    "kind": "mat",
    "n_samples": 1,
    "best_delta": 0.5907263815353799,
    "mean_delta": 0.5907263815353799,
    "std_delta": 0.0,
    "qt_best": 10.211349677743055,
    "qt_mean": 10.211349677743055,
    "q_opt": 2.6919298532563634,
    "seconds": 9.079822778701782
  },
  {
    "group": "S216",
    "name": "rnd_diag045",
    "kind": "mat",
    "n_samples": 1,
    "best_delta": 0.5929273959734361,
    "mean_delta": 0.5929273959734361,
    "std_delta": 0.0,
    "qt_best": 10.284005965479556,
    "qt_mean": 10.284005965479556,
    "q_opt": 2.6919298532563634,
    "seconds": 8.862971782684326
  },
  {
    "group": "S216",
    "name": "rnd_diag008",
    "kind": "mat",
    "n_samples": 1,
    "best_delta": 0.5940873007714466,
    "mean_delta": 0.5940873007714466,
    "std_delta": 0.0,
    "qt_best": 10.322602377898333,
    "qt_mean": 10.322602377898333,
    "q_opt": 2.6919298532563634,
    "seconds": 9.100646734237671
  },
  {
    "group": "S216",
    "name": "rnd_diag011",
    "kind": "mat",
    "n_samples": 1,
    "best_delta": 0.6083901064541988,
    "mean_delta": 0.6083901064541988,
    "std_delta": 0.0,
    "qt_best": 10.816777553513692,
    "qt_mean": 10.816777553513692,
    "q_opt": 2.6919298532563634,
    "seconds": 8.719723463058472
  },
  {
    "group": "S216",
    "name": "rnd_diag013",
    "kind": "mat",
    "n_samples": 1,
    "best_delta": 0.6275132799590365,
    "mean_delta": 0.6275132799590365,
    "std_delta": 0.0,
    "qt_best": 11.535168727806798,
    "qt_mean": 11.535168727806798,
    "q_opt": 2.6919298532563634,
    "seconds": 9.04338026046753
  },
  {
    "group": "S216",
    "name": "rnd_diag026",
    "kind": "mat",
    "n_samples": 1,
    "best_delta": 0.6335616758090863,
    "mean_delta": 0.6335616758090863,
    "std_delta": 0.0,
    "qt_best": 11.777613553748742,
    "qt_mean": 11.777613553748742,
    "q_opt": 2.6919298532563634,
    "seconds": 8.979952573776245
  },
  {
    "group": "S216",
    "name": "rnd_diag014",
    "kind": "mat",
    "n_samples": 1,
    "best_delta": 0.6385679055802597,
    "mean_delta": 0.6385679055802597,
    "std_delta": 0.0,
    "qt_best": 11.984284831299407,
    "qt_mean": 11.984284831299407,
    "q_opt": 2.6919298532563634,
    "seconds": 8.811411380767822
  },
  {
    "group": "S216",
    "name": "rnd_diag039",
    "kind": "mat",
    "n_samples": 1,
    "best_delta": 0.6635344242975382,
    "mean_delta": 0.6635344242975382,
    "std_delta": 0.0,
    "qt_best": 13.10485619035632,
    "qt_mean": 13.10485619035632,
    "q_opt": 2.6919298532563634,
    "seconds": 9.059732437133789
  },
  {
    "group": "S216",
    "name": "rnd_diag007",
    "kind": "mat",
    "n_samples": 1,
    "best_delta": 0.6915159080911761,
    "mean_delta": 0.6915159080911761,
    "std_delta": 0.0,
    "qt_best": 14.57231867150019,
    "qt_mean": 14.57231867150019,
    "q_opt": 2.6919298532563634,
    "seconds": 9.088711023330688
  },
  {
    "group": "S216",
    "name": "rnd_diag020",
    "kind": "mat",
    "n_samples": 1,
    "best_delta": 0.7085649605456232,
    "mean_delta": 0.7085649605456232,
    "std_delta": 0.0,
    "qt_best": 15.602517278083667,
    "qt_mean": 15.602517278083667,
    "q_opt": 2.6919298532563634,
    "seconds": 9.038714408874512
  },
  {
    "group": "S216",
    "name": "rnd_diag049",
    "kind": "mat",
    "n_samples": 1,
    "best_delta": 0.710874890094608,
    "mean_delta": 0.710874890094608,
    "std_delta": 0.0,
    "qt_best": 15.75132411900223,
    "qt_mean": 15.75132411900223,
    "q_opt": 2.6919298532563634,
    "seconds": 8.708184957504272
  },
  {
    "group": "S216",
    "name": "rnd_diag035",
    "kind": "mat",
    "n_samples": 1,
    "best_delta": 0.712208517179649,
    "mean_delta": 0.712208517179649,
    "std_delta": 0.0,
    "qt_best": 15.838312085063427,
    "qt_mean": 15.838312085063427,
    "q_opt": 2.6919298532563634,
    "seconds": 9.002732038497925
  },
  {
    "group": "S216",
    "name": "rnd_diag042",
    "kind": "mat",
    "n_samples": 1,
    "best_delta": 0.7157757678066246,
    "mean_delta": 0.7157757678066246,
    "std_delta": 0.0,
    "qt_best": 16.074957923757104,
    "qt_mean": 16.074957923757104,
    "q_opt": 2.6919298532563634,
    "seconds": 8.66740369796753
  },
  {
    "group": "S216",
    "name": "rnd_diag031",
    "kind": "mat",
    "n_samples": 1,
    "best_delta": 0.7321634793337028,
    "mean_delta": 0.7321634793337028,
    "std_delta": 0.0,
    "qt_best": 17.24219174539134,
    "qt_mean": 17.24219174539134,
    "q_opt": 2.6919298532563634,
    "seconds": 9.058783769607544
  },
  {
    "group": "S216",
    "name": "rnd_diag043",
    "kind": "mat",
    "n_samples": 1,
    "best_delta": 0.7353758214392007,
    "mean_delta": 0.7353758214392007,
    "std_delta": 0.0,
    "qt_best": 17.48776929502715,
    "qt_mean": 17.48776929502715,
    "q_opt": 2.6919298532563634,
    "seconds": 9.012624025344849
  },
  {
    "group": "S216",
    "name": "rnd_diag040",
    "kind": "mat",
    "n_samples": 1,
    "best_delta": 0.737932347172081,
    "mean_delta": 0.737932347172081,
    "std_delta": 0.0,
    "qt_best": 17.6874730573449,
    "qt_mean": 17.6874730573449,
    "q_opt": 2.6919298532563634,
    "seconds": 8.921454668045044
  },
  {
    "group": "S216",
    "name": "rnd_diag015",
    "kind": "mat",
    "n_samples": 1,
    "best_delta": 0.7636619712258027,
    "mean_delta": 0.7636619712258027,
    "std_delta": 0.0,
    "qt_best": 19.93575542257111,
    "qt_mean": 19.93575542257111,
    "q_opt": 2.6919298532563634,
    "seconds": 8.93034052848816
  },
  {
    "group": "S216",
    "name": "rnd_diag018",
    "kind": "mat",
    "n_samples": 1,
    "best_delta": 0.7859000010134771,
    "mean_delta": 0.7859000010134771,
    "std_delta": 0.0,
    "qt_best": 22.31093638192917,
    "qt_mean": 22.31093638192917,
    "q_opt": 2.6919298532563634,
    "seconds": 9.134422540664673
  },
  {
    "group": "S216",
    "name": "rnd_diag005",
    "kind": "mat",
    "n_samples": 1,
    "best_delta": 0.7900287261918048,
    "mean_delta": 0.7900287261918048,
    "std_delta": 0.0,
    "qt_best": 22.80695097816147,
    "qt_mean": 22.80695097816147,
    "q_opt": 2.6919298532563634,
    "seconds": 9.173810958862305
  },
  {
    "group": "S216",
    "name": "rnd_diag002",
    "kind": "mat",
    "n_samples": 1,
    "best_delta": 0.8023168315726644,
    "mean_delta": 0.8023168315726644,
    "std_delta": 0.0,
    "qt_best": 24.405162247455458,
    "qt_mean": 24.405162247455458,
    "q_opt": 2.6919298532563634,
    "seconds": 8.776840209960938
  },
  {
    "group": "S216",
    "name": "rnd_diag047",
    "kind": "mat",
    "n_samples": 1,
    "best_delta": 0.8144088265624245,
    "mean_delta": 0.8144088265624245,
    "std_delta": 0.0,
    "qt_best": 26.18347324045607,
    "qt_mean": 26.18347324045607,
    "q_opt": 2.6919298532563634,
    "seconds": 8.92717695236206
  },
  {
    "group": "S216",
    "name": "rnd_diag037",
    "kind": "mat",
    "n_samples": 1,
    "best_delta": 0.8342256888014186,
    "mean_delta": 0.8342256888014186,
    "std_delta": 0.0,
    "qt_best": 29.656495230806673,
    "qt_mean": 29.656495230806673,
    "q_opt": 2.6919298532563634,
    "seconds": 9.04048466682434
  },
  {
    "group": "S216",
    "name": "rnd_diag036",
    "kind": "mat",
    "n_samples": 1,
    "best_delta": 0.8872384612704114,
    "mean_delta": 0.8872384612704114,
    "std_delta": 0.0,
    "qt_best": 44.92821254037841,
    "qt_mean": 44.92821254037841,
    "q_opt": 2.6919298532563634,
    "seconds": 8.868289232254028
  },
  {
    "group": "S216",
    "name": "rnd_diag029",
    "kind": "mat",
    "n_samples": 1,
    "best_delta": 0.8925646005869153,
    "mean_delta": 0.8925646005869153,
    "std_delta": 0.0,
    "qt_best": 47.294116775007666,
    "qt_mean": 47.294116775007666,
    "q_opt": 2.6919298532563634,
    "seconds": 8.741429328918457
  },
  {
    "group": "S216",
    "name": "rnd_diag038",
    "kind": "mat",
    "n_samples": 1,
    "best_delta": 0.8994793712632719,
    "mean_delta": 0.8994793712632719,
    "std_delta": 0.0,
    "qt_best": 50.73929637934058,
    "qt_mean": 50.73929637934058,
    "q_opt": 2.6919298532563634,
    "seconds": 8.893975257873535
  },
  {
    "group": "S216",
    "name": "rnd_diag023",
    "kind": "mat",
    "n_samples": 1,
    "best_delta": 0.9272102315084046,
    "mean_delta": 0.9272102315084046,
    "std_delta": 0.0,
    "qt_best": 71.12513145130231,
    "qt_mean": 71.12513145130231,
    "q_opt": 2.6919298532563634,
    "seconds": 9.001384973526001
  },
  {
    "group": "S216",
    "name": "rnd_diag021",
    "kind": "mat",
    "n_samples": 1,
    "best_delta": 0.9501409239122449,
    "mean_delta": 0.9501409239122449,
    "std_delta": 0.0,
    "qt_best": 105.0988786036813,
    "qt_mean": 105.0988786036813,
    "q_opt": 2.6919298532563634,
    "seconds": 8.970624923706055
  },
  {
    "group": "S216",
    "name": "rnd_diag004",
    "kind": "mat",
    "n_samples": 1,
    "best_delta": 0.9502512915124981,
    "mean_delta": 0.9502512915124981,
    "std_delta": 0.0,
    "qt_best": 105.33810603535012,
    "qt_mean": 105.33810603535012,
    "q_opt": 2.6919298532563634,
    "seconds": 9.287640810012817
  },
  {
    "group": "S216",
    "name": "rnd_diag016",
    "kind": "mat",
    "n_samples": 1,
    "best_delta": 0.9661608639050424,
    "mean_delta": 0.9661608639050424,
    "std_delta": 0.0,
    "qt_best": 156.14492062518377,
    "qt_mean": 156.14492062518377,
    "q_opt": 2.6919298532563634,
    "seconds": 9.217757940292358
  },
  {
    "group": "S216",
    "name": "rnd_diag003",
    "kind": "mat",
    "n_samples": 1,
    "best_delta": 0.9755619897421146,
    "mean_delta": 0.9755619897421146,
    "std_delta": 0.0,
    "qt_best": 217.25692721846113,
    "qt_mean": 217.25692721846113,
    "q_opt": 2.6919298532563634,
    "seconds": 9.138468503952026
  },
  {
    "group": "S216",
    "name": "rnd_diag000",
    "kind": "mat",
    "n_samples": 1,
    "best_delta": 0.9920973662964118,
    "mean_delta": 0.9920973662964118,
    "std_delta": 0.0,
    "qt_best": 677.4970338603495,
    "qt_mean": 677.4970338603495,
    "q_opt": 2.6919298532563634,
    "seconds": 8.938729763031006
  },
  {
    "group": "S648",
    "name": "rnd_diag012",
    "kind": "mat",
    "n_samples": 1,
    "best_delta": 0.45159250922317384,
    "mean_delta": 0.45159250922317384,
    "std_delta": 0.0,
    "qt_best": 8.14351447424312,
    "qt_mean": 8.14351447424312,
    "q_opt": 2.5441979425634917,
    "seconds": 24.897610187530518
  },
  {
    "group": "S648",
    "name": "rnd_diag033",
    "kind": "mat",
    "n_samples": 1,
    "best_delta": 0.45259784752035886,
    "mean_delta": 0.45259784752035886,
    "std_delta": 0.0,
    "qt_best": 8.166357700394475,
    "qt_mean": 8.166357700394475,
    "q_opt": 2.5441979425634917,
    "seconds": 25.55001187324524
  },
  {
    "group": "S648",
    "name": "rnd_diag001",
    "kind": "mat",
    "n_samples": 1,
    "best_delta": 0.4631980444674855,
    "mean_delta": 0.4631980444674855,
    "std_delta": 0.0,
    "qt_best": 8.412013855865613,
    "qt_mean": 8.412013855865613,
    "q_opt": 2.5441979425634917,
    "seconds": 25.245355129241943
  },
  {
    "group": "S648",
    "name": "rnd_diag034",
    "kind": "mat",
    "n_samples": 1,
    "best_delta": 0.46639552151283187,
    "mean_delta": 0.46639552151283187,
    "std_delta": 0.0,
    "qt_best": 8.48788561783317,
    "qt_mean": 8.48788561783317,
    "q_opt": 2.5441979425634917,
    "seconds": 25.06144070625305
  },
  {
    "group": "S648",
    "name": "rnd_diag025",
    "kind": "mat",
    "n_samples": 1,
    "best_delta": 0.4920601394069371,
    "mean_delta": 0.4920601394069371,
    "std_delta": 0.0,
    "qt_best": 9.129029286361622,
    "qt_mean": 9.129029286361622,
    "q_opt": 2.5441979425634917,
    "seconds": 25.217732429504395
  },
  {
    "group": "S648",
    "name": "rnd_diag030",
    "kind": "mat",
    "n_samples": 1,
    "best_delta": 0.492667608556574,
    "mean_delta": 0.492667608556574,
    "std_delta": 0.0,
    "qt_best": 9.144939579460928,
    "qt_mean": 9.144939579460928,
    "q_opt": 2.5441979425634917,
    "seconds": 25.0927095413208
  },
  {
    "group": "S648",
    "name": "rnd_diag028",
    "kind": "mat",
    "n_samples": 1,
    "best_delta": 0.4965983757925753,
    "mean_delta": 0.4965983757925753,
    "std_delta": 0.0,
    "qt_best": 9.24876307933082,
    "qt_mean": 9.24876307933082,
    "q_opt": 2.5441979425634917,
    "seconds": 25.275864124298096
  },
  {
    "group": "S648",
    "name": "rnd_diag017",
    "kind": "mat",
    "n_samples": 1,
    "best_delta": 0.5208086474447388,
    "mean_delta": 0.5208086474447388,
    "std_delta": 0.0,
    "qt_best": 9.923609382804695,
    "qt_mean": 9.923609382804695,
    "q_opt": 2.5441979425634917,
    "seconds": 25.01096272468567
  },
  {
    "group": "S648",
    "name": "rnd_diag006",
    "kind": "mat",
    "n_samples": 1,
    "best_delta": 0.5234018168166976,
    "mean_delta": 0.5234018168166976,
    "std_delta": 0.0,
    "qt_best": 9.999741304845331,
    "qt_mean": 9.999741304845331,
    "q_opt": 2.5441979425634917,
    "seconds": 25.21806311607361
  },
  {
    "group": "S648",
    "name": "rnd_diag009",
    "kind": "mat",
    "n_samples": 1,
    "best_delta": 0.534250877449737,
    "mean_delta": 0.534250877449737,
    "std_delta": 0.0,
    "qt_best": 10.327000521148635,
    "qt_mean": 10.327000521148635,
    "q_opt": 2.5441979425634917,
    "seconds": 26.285144329071045
  },
  {
    "group": "S648",
    "name": "rnd_diag019",
    "kind": "mat",
    "n_samples": 1,
    "best_delta": 0.5350898554622152,
    "mean_delta": 0.5350898554622152,
    "std_delta": 0.0,
    "qt_best": 10.352914614707922,
    "qt_mean": 10.352914614707922,
    "q_opt": 2.5441979425634917,
    "seconds": 25.067793607711792
  },
  {
    "group": "S648",
    "name": "rnd_diag027",
    "kind": "mat",
    "n_samples": 1,
    "best_delta": 0.5367649915051402,
    "mean_delta": 0.5367649915051402,
    "std_delta": 0.0,
    "qt_best": 10.40492386970233,
    "qt_mean": 10.40492386970233,
    "q_opt": 2.5441979425634917,
    "seconds": 25.518706560134888
  },
  {
    "group": "S648",
    "name": "rnd_diag048",
    "kind": "mat",
    "n_samples": 1,
    "best_delta": 0.5454587003141587,
    "mean_delta": 0.5454587003141587,
    "std_delta": 0.0,
    "qt_best": 10.680728667751533,
    "qt_mean": 10.680728667751533,
    "q_opt": 2.5441979425634917,
    "seconds": 25.163222789764404
  },
  {
    "group": "S648",
    "name": "rnd_diag010",
    "kind": "mat",
    "n_samples": 1,
    "best_delta": 0.5479008930015417,
    "mean_delta": 0.5479008930015417,
    "std_delta": 0.0,
    "qt_best": 10.760032969646211,
    "qt_mean": 10.760032969646211,
    "q_opt": 2.5441979425634917,
    "seconds": 24.82177996635437
  },
  {
    "group": "S648",
    "name": "rnd_diag041",
    "kind": "mat",
    "n_samples": 1,
    "best_delta": 0.5641402161836304,
    "mean_delta": 0.5641402161836304,
    "std_delta": 0.0,
    "qt_best": 11.309045349574124,
    "qt_mean": 11.309045349574124,
    "q_opt": 2.5441979425634917,
    "seconds": 25.000892877578735
  },
  {
    "group": "S648",
    "name": "rnd_diag032",
    "kind": "mat",
    "n_samples": 1,
    "best_delta": 0.566167505888996,
    "mean_delta": 0.566167505888996,
    "std_delta": 0.0,
    "qt_best": 11.380357919210342,
    "qt_mean": 11.380357919210342,
    "q_opt": 2.5441979425634917,
    "seconds": 25.150961875915527
  },
  {
    "group": "S648",
    "name": "rnd_diag022",
    "kind": "mat",
    "n_samples": 1,
    "best_delta": 0.5669423307407256,
    "mean_delta": 0.5669423307407256,
    "std_delta": 0.0,
    "qt_best": 11.40778334750788,
    "qt_mean": 11.40778334750788,
    "q_opt": 2.5441979425634917,
    "seconds": 24.726412773132324
  },
  {
    "group": "S648",
    "name": "rnd_diag044",
    "kind": "mat",
    "n_samples": 1,
    "best_delta": 0.5744782169707362,
    "mean_delta": 0.5744782169707362,
    "std_delta": 0.0,
    "qt_best": 11.679544105920298,
    "qt_mean": 11.679544105920298,
    "q_opt": 2.5441979425634917,
    "seconds": 25.248160123825073
  },
  {
    "group": "S648",
    "name": "rnd_diag024",
    "kind": "mat",
    "n_samples": 1,
    "best_delta": 0.5881916493017494,
    "mean_delta": 0.5881916493017494,
    "std_delta": 0.0,
    "qt_best": 12.198720198728058,
    "qt_mean": 12.198720198728058,
    "q_opt": 2.5441979425634917,
    "seconds": 24.755073070526123
  },
  {
    "group": "S648",
    "name": "rnd_diag046",
    "kind": "mat",
    "n_samples": 1,
    "best_delta": 0.5907263815353792,
    "mean_delta": 0.5907263815353792,
    "std_delta": 0.0,
    "qt_best": 12.298369807494563,
    "qt_mean": 12.298369807494563,
    "q_opt": 2.5441979425634917,
    "seconds": 25.023576974868774
  },
  {
    "group": "S648",
    "name": "rnd_diag045",
    "kind": "mat",
    "n_samples": 1,
    "best_delta": 0.5929273959734357,
    "mean_delta": 0.5929273959734357,
    "std_delta": 0.0,
    "qt_best": 12.385875761518543,
    "qt_mean": 12.385875761518543,
    "q_opt": 2.5441979425634917,
    "seconds": 24.822002172470093
  },
  {
    "group": "S648",
    "name": "rnd_diag008",
    "kind": "mat",
    "n_samples": 1,
    "best_delta": 0.5940873007714473,
    "mean_delta": 0.5940873007714473,
    "std_delta": 0.0,
    "qt_best": 12.432360601245833,
    "qt_mean": 12.432360601245833,
    "q_opt": 2.5441979425634917,
    "seconds": 25.212791442871094
  },
  {
    "group": "S648",
    "name": "rnd_diag011",
    "kind": "mat",
    "n_samples": 1,
    "best_delta": 0.6083901064541998,
    "mean_delta": 0.6083901064541998,
    "std_delta": 0.0,
    "qt_best": 13.027536484082182,
    "qt_mean": 13.027536484082182,
    "q_opt": 2.5441979425634917,
    "seconds": 24.678606510162354
  },
  {
    "group": "S648",
    "name": "rnd_diag013",
    "kind": "mat",
    "n_samples": 1,
    "best_delta": 0.6275132799590358,
    "mean_delta": 0.6275132799590358,
    "std_delta": 0.0,
    "qt_best": 13.892754168983643,
    "qt_mean": 13.892754168983643,
    "q_opt": 2.5441979425634917,
    "seconds": 25.485339164733887
  },
  {
    "group": "S648",
    "name": "rnd_diag026",
    "kind": "mat",
    "n_samples": 1,
    "best_delta": 0.6335616758090901,
    "mean_delta": 0.6335616758090901,
    "std_delta": 0.0,
    "qt_best": 14.184750449734743,
    "qt_mean": 14.184750449734743,
    "q_opt": 2.5441979425634917,
    "seconds": 25.52224087715149
  },
  {
    "group": "S648",
    "name": "rnd_diag014",
    "kind": "mat",
    "n_samples": 1,
    "best_delta": 0.6385679055802591,
    "mean_delta": 0.6385679055802591,
    "std_delta": 0.0,
    "qt_best": 14.433661698503677,
    "qt_mean": 14.433661698503677,
    "q_opt": 2.5441979425634917,
    "seconds": 24.825385808944702
  },
  {
    "group": "S648",
    "name": "rnd_diag039",
    "kind": "mat",
    "n_samples": 1,
    "best_delta": 0.6635344242975435,
    "mean_delta": 0.6635344242975435,
    "std_delta": 0.0,
    "qt_best": 15.783258118593965,
    "qt_mean": 15.783258118593965,
    "q_opt": 2.5441979425634917,
    "seconds": 25.002878427505493
  },
  {
    "group": "S648",
    "name": "rnd_diag007",
    "kind": "mat",
    "n_samples": 1,
    "best_delta": 0.6915159080911809,
    "mean_delta": 0.6915159080911809,
    "std_delta": 0.0,
    "qt_best": 17.55064410000519,
    "qt_mean": 17.55064410000519,
    "q_opt": 2.5441979425634917,
    "seconds": 25.077995538711548
  },
  {
    "group": "S648",
    "name": "rnd_diag020",
    "kind": "mat",
    "n_samples": 1,
    "best_delta": 0.7085649605456225,
    "mean_delta": 0.7085649605456225,
    "std_delta": 0.0,
    "qt_best": 18.791397167794127,
    "qt_mean": 18.791397167794127,
    "q_opt": 2.5441979425634917,
    "seconds": 25.188591480255127
  },
  {
    "group": "S648",
    "name": "rnd_diag049",
    "kind": "mat",
    "n_samples": 1,
    "best_delta": 0.7108748900946124,
    "mean_delta": 0.7108748900946124,
    "std_delta": 0.0,
    "qt_best": 18.970617507637595,
    "qt_mean": 18.970617507637595,
    "q_opt": 2.5441979425634917,
    "seconds": 24.825498819351196
  },
  {
    "group": "S648",
    "name": "rnd_diag035",
    "kind": "mat",
    "n_samples": 1,
    "best_delta": 0.7122085171796518,
    "mean_delta": 0.7122085171796518,
    "std_delta": 0.0,
    "qt_best": 19.075384282763615,
    "qt_mean": 19.075384282763615,
    "q_opt": 2.5441979425634917,
    "seconds": 25.474103450775146
  },
  {
    "group": "S648",
    "name": "rnd_diag042",
    "kind": "mat",
    "n_samples": 1,
    "best_delta": 0.715775767806619,
    "mean_delta": 0.715775767806619,
    "std_delta": 0.0,
    "qt_best": 19.360396365348162,
    "qt_mean": 19.360396365348162,
    "q_opt": 2.5441979425634917,
    "seconds": 25.189616203308105
  },
  {
    "group": "S648",
    "name": "rnd_diag031",
    "kind": "mat",
    "n_samples": 1,
    "best_delta": 0.7321634793337096,
    "mean_delta": 0.7321634793337096,
    "std_delta": 0.0,
    "qt_best": 20.766192233995447,
    "qt_mean": 20.766192233995447,
    "q_opt": 2.5441979425634917,
    "seconds": 25.21128535270691
  },
  {
    "group": "S648",
    "name": "rnd_diag043",
    "kind": "mat",
    "n_samples": 1,
    "best_delta": 0.7353758214391989,
    "mean_delta": 0.7353758214391989,
    "std_delta": 0.0,
    "qt_best": 21.061961512018936,
    "qt_mean": 21.061961512018936,
    "q_opt": 2.5441979425634917,
    "seconds": 25.0619854927063
  },
  {
    "group": "S648",
    "name": "rnd_diag040",
    "kind": "mat",
    "n_samples": 1,
    "best_delta": 0.7379323471720813,
    "mean_delta": 0.7379323471720813,
    "std_delta": 0.0,
    "qt_best": 21.302481208086835,
    "qt_mean": 21.302481208086835,
    "q_opt": 2.5441979425634917,
    "seconds": 25.091524839401245
  },
  {
    "group": "S648",
    "name": "rnd_diag015",
    "kind": "mat",
    "n_samples": 1,
    "best_delta": 0.7636619712258091,
    "mean_delta": 0.7636619712258091,
    "std_delta": 0.0,
    "qt_best": 24.01027291357461,
    "qt_mean": 24.01027291357461,
    "q_opt": 2.5441979425634917,
    "seconds": 25.209049224853516
  },
  {
    "group": "S648",
    "name": "rnd_diag018",
    "kind": "mat",
    "n_samples": 1,
    "best_delta": 0.785900001013475,
    "mean_delta": 0.785900001013475,
    "std_delta": 0.0,
    "qt_best": 26.870899052111746,
    "qt_mean": 26.870899052111746,
    "q_opt": 2.5441979425634917,
    "seconds": 25.112831592559814
  },
  {
    "group": "S648",
    "name": "rnd_diag005",
    "kind": "mat",
    "n_samples": 1,
    "best_delta": 0.7900287261918061,
    "mean_delta": 0.7900287261918061,
    "std_delta": 0.0,
    "qt_best": 27.468290300761364,
    "qt_mean": 27.468290300761364,
    "q_opt": 2.5441979425634917,
    "seconds": 24.73431658744812
  },
  {
    "group": "S648",
    "name": "rnd_diag002",
    "kind": "mat",
    "n_samples": 1,
    "best_delta": 0.8023168315726664,
    "mean_delta": 0.8023168315726664,
    "std_delta": 0.0,
    "qt_best": 29.393147821126735,
    "qt_mean": 29.393147821126735,
    "q_opt": 2.5441979425634917,
    "seconds": 25.020870447158813
  },
  {
    "group": "S648",
    "name": "rnd_diag047",
    "kind": "mat",
    "n_samples": 1,
    "best_delta": 0.8144088265624289,
    "mean_delta": 0.8144088265624289,
    "std_delta": 0.0,
    "qt_best": 31.53491427853528,
    "qt_mean": 31.53491427853528,
    "q_opt": 2.5441979425634917,
    "seconds": 24.93064570426941
  },
  {
    "group": "S648",
    "name": "rnd_diag037",
    "kind": "mat",
    "n_samples": 1,
    "best_delta": 0.8342256888014168,
    "mean_delta": 0.8342256888014168,
    "std_delta": 0.0,
    "qt_best": 35.71776083015004,
    "qt_mean": 35.71776083015004,
    "q_opt": 2.5441979425634917,
    "seconds": 25.026912450790405
  },
  {
    "group": "S648",
    "name": "rnd_diag036",
    "kind": "mat",
    "n_samples": 1,
    "best_delta": 0.8872384612704105,
    "mean_delta": 0.8872384612704105,
    "std_delta": 0.0,
    "qt_best": 54.11074833874559,
    "qt_mean": 54.11074833874559,
    "q_opt": 2.5441979425634917,
    "seconds": 24.879923820495605
  },
  {
    "group": "S648",
    "name": "rnd_diag029",
    "kind": "mat",
    "n_samples": 1,
    "best_delta": 0.8925646005869168,
    "mean_delta": 0.8925646005869168,
    "std_delta": 0.0,
    "qt_best": 56.960201753314365,
    "qt_mean": 56.960201753314365,
    "q_opt": 2.5441979425634917,
    "seconds": 25.00563359260559
  },
  {
    "group": "S648",
    "name": "rnd_diag038",
    "kind": "mat",
    "n_samples": 1,
    "best_delta": 0.8994793712632789,
    "mean_delta": 0.8994793712632789,
    "std_delta": 0.0,
    "qt_best": 61.1095154253075,
    "qt_mean": 61.1095154253075,
    "q_opt": 2.5441979425634917,
    "seconds": 25.028284311294556
  },
  {
    "group": "S648",
    "name": "rnd_diag023",
    "kind": "mat",
    "n_samples": 1,
    "best_delta": 0.9272102315084089,
    "mean_delta": 0.9272102315084089,
    "std_delta": 0.0,
    "qt_best": 85.66185634612084,
    "qt_mean": 85.66185634612084,
    "q_opt": 2.5441979425634917,
    "seconds": 25.300469160079956
  },
  {
    "group": "S648",
    "name": "rnd_diag021",
    "kind": "mat",
    "n_samples": 1,
    "best_delta": 0.9501409239122515,
    "mean_delta": 0.9501409239122515,
    "std_delta": 0.0,
    "qt_best": 126.57923939658015,
    "qt_mean": 126.57923939658015,
    "q_opt": 2.5441979425634917,
    "seconds": 24.876899480819702
  },
  {
    "group": "S648",
    "name": "rnd_diag004",
    "kind": "mat",
    "n_samples": 1,
    "best_delta": 0.9502512915125011,
    "mean_delta": 0.9502512915125011,
    "std_delta": 0.0,
    "qt_best": 126.86736070429302,
    "qt_mean": 126.86736070429302,
    "q_opt": 2.5441979425634917,
    "seconds": 25.27353811264038
  },
  {
    "group": "S648",
    "name": "rnd_diag016",
    "kind": "mat",
    "n_samples": 1,
    "best_delta": 0.9661608639050439,
    "mean_delta": 0.9661608639050439,
    "std_delta": 0.0,
    "qt_best": 188.0581938738309,
    "qt_mean": 188.0581938738309,
    "q_opt": 2.5441979425634917,
    "seconds": 25.176801443099976
  },
  {
    "group": "S648",
    "name": "rnd_diag003",
    "kind": "mat",
    "n_samples": 1,
    "best_delta": 0.9755619897421152,
    "mean_delta": 0.9755619897421152,
    "std_delta": 0.0,
    "qt_best": 261.660418896082,
    "qt_mean": 261.660418896082,
    "q_opt": 2.5441979425634917,
    "seconds": 25.341233730316162
  },
  {
    "group": "S648",
    "name": "rnd_diag000",
    "kind": "mat",
    "n_samples": 1,
    "best_delta": 0.9920973662964113,
    "mean_delta": 0.9920973662964113,
    "std_delta": 0.0,
    "qt_best": 815.96550199977,
    "qt_mean": 815.96550199977,
    "q_opt": 2.5441979425634917,
    "seconds": 24.74044680595398
  }
]
