q-panel: panel=d3_survey groups=('S216', 'S648', 'S1080') extensions=8 total=24 t=10
q-panel: memory budget OK — peak≈55.2 GB = 4 procs × 12.8 GB/proc + 4.0 GB (|C|_max=1080, d=3, t=10); budget=86.3 GB (70% of 123.3 GB available)
q-panel: per-subprocess RLIMIT_AS cap = 19.2 GB
  [1/24]   S216 HV(1,2,0)_eq27       best_delta=0.6764  233.8s
  [2/24]   S216 P(2pi/9)             best_delta=0.8830  233.8s
  [3/24]   S216 HV(1,1,0)_campbell   best_delta=0.6764  233.8s
  [4/24]   S216 HV(2,1,0)            best_delta=0.5927  234.1s
  [5/24]   S216 P(2pi/5)             best_delta=0.6545  233.3s
  [6/24]   S216 P(pi/9)              best_delta=0.9698  234.1s
  [7/24]   S216 rnd_batch1           best_delta=0.3303  490.8s
  [8/24]   S216 rnd_batch2           best_delta=0.2605  499.4s
  [9/24]   S648 HV(1,1,0)_campbell   best_delta=0.6764  4129.6s
  [10/24]   S648 HV(1,2,0)_eq27       best_delta=0.6764  4185.7s
  [11/24]   S648 P(2pi/9)             best_delta=0.8830  4295.5s
  [12/24]   S648 HV(2,1,0)            best_delta=0.5833  4309.3s
  [13/24]   S648 P(pi/9)              best_delta=0.9698  925.1s
  [14/24]   S648 P(2pi/5)             best_delta=0.6545  900.9s
  [15/24]   S648 rnd_batch2           best_delta=0.2107  1794.0s
  [16/24]   S648 rnd_batch1           best_delta=0.2786  1815.5s
  [17/24]  S1080 HV(1,2,0)_eq27       best_delta=0.6764  3115.8s
  [18/24]  S1080 HV(1,1,0)_campbell   best_delta=0.6764  3177.2s
  [19/24]  S1080 HV(2,1,0)            best_delta=0.5698  1949.2s
  [20/24]  S1080 P(2pi/9)             best_delta=0.8830  1941.7s
  [21/24]  S1080 P(pi/9)              best_delta=0.9698  703.4s
  [22/24]  S1080 P(2pi/5)             best_delta=0.6545  704.5s
  [23/24]  S1080 rnd_batch1           best_delta=0.2047  1234.2s
  [24/24]  S1080 rnd_batch2           best_delta=0.1784  1248.6s

 group  extension               kind             n    best_δ    mean_δ    std_δ   Q_T(b)   Q_T(μ)    Q_opt     sec
--------------------------------------------------------------------------------------------------------------
 S1080  rnd_batch2              rnd              1    0.1784    0.1784   0.0000    4.052    4.052    2.495  1248.6
 S1080  rnd_batch1              rnd              1    0.2047    0.2047   0.0000    4.404    4.404    2.495  1234.2
 S1080  HV(2,1,0)               howard_vala      1    0.5698    0.5698   0.0000   12.419   12.419    2.495  1949.2
 S1080  P(2pi/5)                angle            1    0.6545    0.6545   0.0000   16.478   16.478    2.495   704.5
 S1080  HV(1,1,0)_campbell      howard_vala      1    0.6764    0.6764   0.0000   17.867   17.867    2.495  3177.2
 S1080  HV(1,2,0)_eq27          howard_vala      1    0.6764    0.6764   0.0000   17.867   17.867    2.495  3115.8
 S1080  P(2pi/9)                angle            1    0.8830    0.8830   0.0000   56.145   56.145    2.495  1941.7
 S1080  P(pi/9)                 angle            1    0.9698    0.9698   0.0000  228.127  228.127    2.495   703.4
  S216  rnd_batch2              rnd              1    0.2605    0.2605   0.0000    3.996    3.996    2.692   499.4
  S216  rnd_batch1              rnd              1    0.3303    0.3303   0.0000    4.852    4.852    2.692   490.8
  S216  HV(2,1,0)               howard_vala      1    0.5927    0.5927   0.0000   10.277   10.277    2.692   234.1
  S216  P(2pi/5)                angle            1    0.6545    0.6545   0.0000   12.681   12.681    2.692   233.3
  S216  HV(1,2,0)_eq27          howard_vala      1    0.6764    0.6764   0.0000   13.750   13.750    2.692   233.8
  S216  HV(1,1,0)_campbell      howard_vala      1    0.6764    0.6764   0.0000   13.750   13.750    2.692   233.8
  S216  P(2pi/9)                angle            1    0.8830    0.8830   0.0000   43.208   43.208    2.692   233.8
  S216  P(pi/9)                 angle            1    0.9698    0.9698   0.0000  175.561  175.561    2.692   234.1
  S648  rnd_batch2              rnd              1    0.2107    0.2107   0.0000    4.157    4.157    2.544  1794.0
  S648  rnd_batch1              rnd              1    0.2786    0.2786   0.0000    5.066    5.066    2.544  1815.5
  S648  HV(2,1,0)               howard_vala      1    0.5833    0.5833   0.0000   12.011   12.011    2.544  4309.3
  S648  P(2pi/5)                angle            1    0.6545    0.6545   0.0000   15.273   15.273    2.544   900.9
  S648  HV(1,1,0)_campbell      howard_vala      1    0.6764    0.6764   0.0000   16.561   16.561    2.544  4129.6
  S648  HV(1,2,0)_eq27          howard_vala      1    0.6764    0.6764   0.0000   16.561   16.561    2.544  4185.7
  S648  P(2pi/9)                angle            1    0.8830    0.8830   0.0000   52.039   52.039    2.544  4295.5
  S648  P(pi/9)                 angle            1    0.9698    0.9698   0.0000  211.443  211.443    2.544   925.1
[
  {
    "group": "S1080",
    "name": "rnd_batch2",
    "kind": "rnd",
    "n_samples": 1,
    "best_delta": 0.17840601995388475,
    "mean_delta": 0.17840601995388475,
    "std_delta": 0.0,
    "qt_best": 4.052180430383878,
    "qt_mean": 4.052180430383878,
    "q_opt": 2.494831872784533,
    "seconds": 1248.6168656349182
  },
  {
    "group": "S1080",
    "name": "rnd_batch1",
    "kind": "rnd",
    "n_samples": 1,
    "best_delta": 0.2047348820444076,
    "mean_delta": 0.2047348820444076,
    "std_delta": 0.0,
    "qt_best": 4.403873158197567,
    "qt_mean": 4.403873158197567,
    "q_opt": 2.494831872784533,
    "seconds": 1234.2123160362244
  },
  {
    "group": "S1080",
    "name": "HV(2,1,0)",
    "kind": "howard_vala",
    "n_samples": 1,
    "best_delta": 0.5698256994821668,
    "mean_delta": 0.5698256994821668,
    "std_delta": 0.0,
    "qt_best": 12.418934718482562,
    "qt_mean": 12.418934718482562,
    "q_opt": 2.494831872784533,
    "seconds": 1949.2196521759033
  },
  {
    "group": "S1080",
    "name": "P(2pi/5)",
    "kind": "angle",
    "n_samples": 1,
    "best_delta": 0.6545084971874808,
    "mean_delta": 0.6545084971874808,
    "std_delta": 0.0,
    "qt_best": 16.47841225837182,
    "qt_mean": 16.47841225837182,
    "q_opt": 2.494831872784533,
    "seconds": 704.4726283550262
  },
  {
    "group": "S1080",
    "name": "HV(1,1,0)_campbell",
    "kind": "howard_vala",
    "n_samples": 1,
    "best_delta": 0.6764342659762244,
    "mean_delta": 0.6764342659762244,
    "std_delta": 0.0,
    "qt_best": 17.867380155491002,
    "qt_mean": 17.867380155491002,
    "q_opt": 2.494831872784533,
    "seconds": 3177.1539487838745
  },
  {
    "group": "S1080",
    "name": "HV(1,2,0)_eq27",
    "kind": "howard_vala",
    "n_samples": 1,
    "best_delta": 0.6764342659762251,
    "mean_delta": 0.6764342659762251,
    "std_delta": 0.0,
    "qt_best": 17.867380155491052,
    "qt_mean": 17.867380155491052,
    "q_opt": 2.494831872784533,
    "seconds": 3115.7574853897095
  },
  {
    "group": "S1080",
    "name": "P(2pi/9)",
    "kind": "angle",
    "n_samples": 1,
    "best_delta": 0.88302222158192,
    "mean_delta": 0.88302222158192,
    "std_delta": 0.0,
    "qt_best": 56.145020072486815,
    "qt_mean": 56.145020072486815,
    "q_opt": 2.494831872784533,
    "seconds": 1941.7163090705872
  },
  {
    "group": "S1080",
    "name": "P(pi/9)",
    "kind": "angle",
    "n_samples": 1,
    "best_delta": 0.9698463103989203,
    "mean_delta": 0.9698463103989203,
    "std_delta": 0.0,
    "qt_best": 228.12702383721313,
    "qt_mean": 228.12702383721313,
    "q_opt": 2.494831872784533,
    "seconds": 703.4406378269196
  },
  {
    "group": "S216",
    "name": "rnd_batch2",
    "kind": "rnd",
    "n_samples": 1,
    "best_delta": 0.2604975534098416,
    "mean_delta": 0.2604975534098416,
    "std_delta": 0.0,
    "qt_best": 3.996008784064888,
    "qt_mean": 3.996008784064888,
    "q_opt": 2.6919298532563634,
    "seconds": 499.3985183238983
  },
  {
    "group": "S216",
    "name": "rnd_batch1",
    "kind": "rnd",
    "n_samples": 1,
    "best_delta": 0.3303038441457534,
    "mean_delta": 0.3303038441457534,
    "std_delta": 0.0,
    "qt_best": 4.852462858351808,
    "qt_mean": 4.852462858351808,
    "q_opt": 2.6919298532563634,
    "seconds": 490.7861261367798
  },
  {
    "group": "S216",
    "name": "HV(2,1,0)",
    "kind": "howard_vala",
    "n_samples": 1,
    "best_delta": 0.5927071733468031,
    "mean_delta": 0.5927071733468031,
    "std_delta": 0.0,
    "qt_best": 10.276702042123832,
    "qt_mean": 10.276702042123832,
    "q_opt": 2.6919298532563634,
    "seconds": 234.05753374099731
  },
  {
    "group": "S216",
    "name": "P(2pi/5)",
    "kind": "angle",
    "n_samples": 1,
    "best_delta": 0.6545084971874745,
    "mean_delta": 0.6545084971874745,
    "std_delta": 0.0,
    "qt_best": 12.681410317297223,
    "qt_mean": 12.681410317297223,
    "q_opt": 2.6919298532563634,
    "seconds": 233.29468035697937
  },
  {
    "group": "S216",
    "name": "HV(1,2,0)_eq27",
    "kind": "howard_vala",
    "n_samples": 1,
    "best_delta": 0.6764342659762219,
    "mean_delta": 0.6764342659762219,
    "std_delta": 0.0,
    "qt_best": 13.750328338326597,
    "qt_mean": 13.750328338326597,
    "q_opt": 2.6919298532563634,
    "seconds": 233.8005166053772
  },
  {
    "group": "S216",
    "name": "HV(1,1,0)_campbell",
    "kind": "howard_vala",
    "n_samples": 1,
    "best_delta": 0.676434265976222,
    "mean_delta": 0.676434265976222,
    "std_delta": 0.0,
    "qt_best": 13.7503283383266,
    "qt_mean": 13.7503283383266,
    "q_opt": 2.6919298532563634,
    "seconds": 233.8292076587677
  },
  {
    "group": "S216",
    "name": "P(2pi/9)",
    "kind": "angle",
    "n_samples": 1,
    "best_delta": 0.8830222215819281,
    "mean_delta": 0.8830222215819281,
    "std_delta": 0.0,
    "qt_best": 43.207927174563444,
    "qt_mean": 43.207927174563444,
    "q_opt": 2.6919298532563634,
    "seconds": 233.820054769516
  },
  {
    "group": "S216",
    "name": "P(pi/9)",
    "kind": "angle",
    "n_samples": 1,
    "best_delta": 0.9698463103989239,
    "mean_delta": 0.9698463103989239,
    "std_delta": 0.0,
    "qt_best": 175.56135557138938,
    "qt_mean": 175.56135557138938,
    "q_opt": 2.6919298532563634,
    "seconds": 234.12091064453125
  },
  {
    "group": "S648",
    "name": "rnd_batch2",
    "kind": "rnd",
    "n_samples": 1,
    "best_delta": 0.2107134499399838,
    "mean_delta": 0.2107134499399838,
    "std_delta": 0.0,
    "qt_best": 4.157242080917914,
    "qt_mean": 4.157242080917914,
    "q_opt": 2.5441979425634917,
    "seconds": 1794.041907787323
  },
  {
    "group": "S648",
    "name": "rnd_batch1",
    "kind": "rnd",
    "n_samples": 1,
    "best_delta": 0.27860316501952276,
    "mean_delta": 0.27860316501952276,
    "std_delta": 0.0,
    "qt_best": 5.06577354458526,
    "qt_mean": 5.06577354458526,
    "q_opt": 2.5441979425634917,
    "seconds": 1815.5132615566254
  },
  {
    "group": "S648",
    "name": "HV(2,1,0)",
    "kind": "howard_vala",
    "n_samples": 1,
    "best_delta": 0.5833333333333339,
    "mean_delta": 0.5833333333333339,
    "std_delta": 0.0,
    "qt_best": 12.011006912942808,
    "qt_mean": 12.011006912942808,
    "q_opt": 2.5441979425634917,
    "seconds": 4309.272373914719
  },
  {
    "group": "S648",
    "name": "P(2pi/5)",
    "kind": "angle",
    "n_samples": 1,
    "best_delta": 0.6545084971874684,
    "mean_delta": 0.6545084971874684,
    "std_delta": 0.0,
    "qt_best": 15.273267362749458,
    "qt_mean": 15.273267362749458,
    "q_opt": 2.5441979425634917,
    "seconds": 900.8766558170319
  },
  {
    "group": "S648",
    "name": "HV(1,1,0)_campbell",
    "kind": "howard_vala",
    "n_samples": 1,
    "best_delta": 0.6764342659762144,
    "mean_delta": 0.6764342659762144,
    "std_delta": 0.0,
    "qt_best": 16.560653411742212,
    "qt_mean": 16.560653411742212,
    "q_opt": 2.5441979425634917,
    "seconds": 4129.593553304672
  },
  {
    "group": "S648",
    "name": "HV(1,2,0)_eq27",
    "kind": "howard_vala",
    "n_samples": 1,
    "best_delta": 0.6764342659762147,
    "mean_delta": 0.6764342659762147,
    "std_delta": 0.0,
    "qt_best": 16.560653411742237,
    "qt_mean": 16.560653411742237,
    "q_opt": 2.5441979425634917,
    "seconds": 4185.715960741043
  },
  {
    "group": "S648",
    "name": "P(2pi/9)",
    "kind": "angle",
    "n_samples": 1,
    "best_delta": 0.883022221581928,
    "mean_delta": 0.883022221581928,
    "std_delta": 0.0,
    "qt_best": 52.03886692532934,
    "qt_mean": 52.03886692532934,
    "q_opt": 2.5441979425634917,
    "seconds": 4295.53658747673
  },
  {
    "group": "S648",
    "name": "P(pi/9)",
    "kind": "angle",
    "n_samples": 1,
    "best_delta": 0.9698463103989343,
    "mean_delta": 0.9698463103989343,
    "std_delta": 0.0,
    "qt_best": 211.443006347029,
    "qt_mean": 211.443006347029,
    "q_opt": 2.5441979425634917,
    "seconds": 925.0977835655212
  }
]
